\BOOKMARK [0][-]{chapter.1}{\376\377\000I\000n\000t\000r\000o\000d\000u\000c\000c\000i\000\363\000n}{}% 1
\BOOKMARK [1][-]{section.1.1}{\376\377\000C\000o\000n\000t\000e\000x\000t\000o\000\040\000y\000\040\000m\000o\000t\000i\000v\000a\000c\000i\000\363\000n}{chapter.1}% 2
\BOOKMARK [1][-]{section.1.2}{\376\377\000O\000b\000j\000e\000t\000i\000v\000o\000s}{chapter.1}% 3
\BOOKMARK [1][-]{section.1.3}{\376\377\000R\000e\000s\000t\000r\000i\000c\000c\000i\000o\000n\000e\000s}{chapter.1}% 4
\BOOKMARK [1][-]{section.1.4}{\376\377\000E\000s\000t\000r\000u\000c\000t\000u\000r\000a\000\040\000d\000e\000l\000\040\000d\000o\000c\000u\000m\000e\000n\000t\000o}{chapter.1}% 5
\BOOKMARK [0][-]{chapter.2}{\376\377\000E\000s\000t\000a\000d\000o\000\040\000d\000e\000l\000\040\000a\000r\000t\000e}{}% 6
\BOOKMARK [1][-]{section.2.1}{\376\377\000M\000a\000r\000c\000o\000\040\000t\000e\000c\000n\000o\000l\000\363\000g\000i\000c\000o}{chapter.2}% 7
\BOOKMARK [1][-]{section.2.2}{\376\377\000A\000n\000a\000l\000i\000z\000a\000d\000o\000r\000\040\000L\000\351\000x\000i\000c\000o}{chapter.2}% 8
\BOOKMARK [1][-]{section.2.3}{\376\377\000T\000o\000k\000e\000n}{chapter.2}% 9
\BOOKMARK [1][-]{section.2.4}{\376\377\000A\000n\000a\000l\000i\000z\000a\000d\000o\000r\000\040\000S\000i\000n\000t\000\341\000c\000t\000i\000c\000o\000\040\000o\000\040\000S\000e\000m\000\341\000n\000t\000i\000c\000o}{chapter.2}% 10
\BOOKMARK [1][-]{section.2.5}{\376\377\000E\000s\000t\000a\000d\000o\000s\000\040\000L\000\351\000x\000i\000c\000o\000s}{chapter.2}% 11
\BOOKMARK [1][-]{section.2.6}{\376\377\000R\000e\000c\000u\000r\000s\000i\000v\000i\000d\000a\000d}{chapter.2}% 12
\BOOKMARK [2][-]{subsection.2.6.1}{\376\377\000R\000e\000c\000u\000r\000s\000i\000v\000i\000d\000a\000d\000\040\000a\000\040\000d\000e\000r\000e\000c\000h\000a\000s\000\040\000\050\000L\000R\000\051}{section.2.6}% 13
\BOOKMARK [2][-]{subsection.2.6.2}{\376\377\000R\000e\000c\000u\000r\000s\000i\000v\000i\000d\000a\000d\000\040\000a\000\040\000i\000z\000q\000u\000i\000e\000r\000d\000a\000s\000\040\000\050\000L\000L\000\051}{section.2.6}% 14
\BOOKMARK [2][-]{subsection.2.6.3}{\376\377\000\277\000P\000o\000r\000\040\000q\000u\000\351\000\040\000n\000o\000\040\000s\000e\000\040\000p\000u\000e\000d\000e\000\040\000u\000t\000i\000l\000i\000z\000a\000r\000\040\000l\000a\000\040\000r\000e\000c\000u\000r\000s\000i\000v\000i\000d\000a\000d\000\040\000a\000\040\000i\000z\000q\000u\000i\000e\000r\000d\000a\000s\000\040\000e\000n\000\040\000J\000a\000v\000a\000C\000C\000?}{section.2.6}% 15
\BOOKMARK [1][-]{section.2.7}{\376\377\000J\000a\000v\000a\000C\000C}{chapter.2}% 16
\BOOKMARK [1][-]{section.2.8}{\376\377\000F\000u\000n\000c\000i\000o\000n\000e\000s\000\040\000p\000r\000i\000n\000c\000i\000p\000a\000l\000e\000s\000\040\000d\000e\000\040\000J\000a\000v\000a\000C\000C}{chapter.2}% 17
\BOOKMARK [1][-]{section.2.9}{\376\377\000E\000j\000e\000m\000p\000l\000o\000\040\000d\000e\000\040\000g\000r\000a\000m\000\341\000t\000i\000c\000a\000\040\000e\000n\000\040\000J\000a\000v\000a\000C\000C}{chapter.2}% 18
\BOOKMARK [1][-]{section.2.10}{\376\377\000U\000s\000o\000s\000\040\000d\000e\000\040\000J\000a\000v\000a\000C\000C\000\040\000e\000n\000\040\000l\000a\000\040\000a\000c\000t\000u\000a\000l\000i\000d\000a\000d}{chapter.2}% 19
\BOOKMARK [1][-]{section.2.11}{\376\377\000P\000r\000o\000c\000e\000s\000a\000m\000i\000e\000n\000t\000o\000\040\000d\000e\000\040\000l\000a\000\040\000I\000n\000f\000o\000r\000m\000a\000c\000i\000\363\000n\000\040\000e\000n\000\040\000A\000p\000l\000i\000c\000a\000c\000i\000o\000n\000e\000s\000\040\000T\000e\000l\000e\000m\000\341\000t\000i\000c\000a\000s\000\040\000\050\000P\000I\000A\000T\000\051}{chapter.2}% 20
\BOOKMARK [2][-]{subsection.2.11.1}{\376\377\000I\000n\000t\000r\000o\000d\000u\000c\000c\000i\000\363\000n}{section.2.11}% 21
\BOOKMARK [2][-]{subsection.2.11.2}{\376\377\000P\000r\000o\000b\000l\000e\000m\000\341\000t\000i\000c\000a\000\040\000c\000o\000n\000\040\000l\000a\000s\000\040\000p\000r\000\341\000c\000t\000i\000c\000a\000s\000\040\000d\000e\000\040\000P\000I\000A\000T}{section.2.11}% 22
\BOOKMARK [0][-]{chapter.3}{\376\377\000D\000e\000s\000a\000r\000r\000o\000l\000l\000o}{}% 23
\BOOKMARK [1][-]{section.3.1}{\376\377\000I\000n\000t\000r\000o\000d\000u\000c\000c\000i\000\363\000n}{chapter.3}% 24
\BOOKMARK [1][-]{section.3.2}{\376\377\000I\000m\000p\000l\000e\000m\000e\000n\000t\000a\000c\000i\000\363\000n}{chapter.3}% 25
\BOOKMARK [1][-]{section.3.3}{\376\377\000P\000r\000o\000c\000e\000d\000i\000m\000i\000e\000n\000t\000o\000s}{chapter.3}% 26
\BOOKMARK [1][-]{section.3.4}{\376\377\000E\000n\000t\000o\000r\000n\000o}{chapter.3}% 27
\BOOKMARK [1][-]{section.3.5}{\376\377\000O\000b\000j\000e\000t\000i\000v\000o\000s\000\040\000d\000e\000\040\000l\000a\000\040\000i\000m\000p\000l\000e\000m\000e\000n\000t\000a\000c\000i\000\363\000n}{chapter.3}% 28
\BOOKMARK [1][-]{section.3.6}{\376\377\000C\000o\000n\000c\000l\000u\000s\000i\000o\000n\000e\000s}{chapter.3}% 29
\BOOKMARK [1][-]{section.3.7}{\376\377\000A\000n\000\341\000l\000i\000s\000i\000s\000\040\000d\000e\000\040\000a\000r\000c\000h\000i\000v\000o\000s\000\040\000X\000M\000L\000.\000\040\000P\000r\000\341\000c\000t\000i\000c\000a\000\040\0003}{chapter.3}% 30
\BOOKMARK [2][-]{subsection.3.7.1}{\376\377\000I\000n\000t\000r\000o\000d\000u\000c\000c\000i\000\363\000n}{section.3.7}% 31
\BOOKMARK [2][-]{subsection.3.7.2}{\376\377\000S\000A\000X}{section.3.7}% 32
\BOOKMARK [2][-]{subsection.3.7.3}{\376\377\000J\000a\000v\000a\000C\000C\000\040\000v\000s\000\040\000S\000A\000X}{section.3.7}% 33
\BOOKMARK [2][-]{subsection.3.7.4}{\376\377\000D\000e\000s\000c\000r\000i\000p\000c\000i\000\363\000n\000\040\000d\000e\000\040\000l\000a\000\040\000p\000r\000\341\000c\000t\000i\000c\000a}{section.3.7}% 34
\BOOKMARK [2][-]{subsection.3.7.5}{\376\377\000D\000e\000s\000a\000r\000r\000o\000l\000l\000o\000\040\000d\000e\000\040\000l\000a\000\040\000p\000r\000\341\000c\000t\000i\000c\000a}{section.3.7}% 35
\BOOKMARK [2][-]{subsection.3.7.6}{\376\377\000H\000e\000r\000r\000a\000m\000i\000e\000n\000t\000a}{section.3.7}% 36
\BOOKMARK [2][-]{subsection.3.7.7}{\376\377\000C\000o\000n\000c\000l\000u\000s\000i\000o\000n\000e\000s}{section.3.7}% 37
\BOOKMARK [2][-]{subsection.3.7.8}{\376\377\000P\000r\000e\000g\000u\000n\000t\000a\000s\000\040\000F\000r\000e\000c\000u\000e\000n\000t\000e\000s}{section.3.7}% 38
\BOOKMARK [2][-]{subsection.3.7.9}{\376\377\000N\000o\000t\000a\000s}{section.3.7}% 39
\BOOKMARK [2][-]{subsection.3.7.10}{\376\377\000C\000\363\000d\000i\000g\000o\000\040\000F\000u\000e\000n\000t\000e}{section.3.7}% 40
\BOOKMARK [1][-]{section.3.8}{\376\377\000A\000n\000\341\000l\000i\000s\000i\000s\000\040\000d\000e\000\040\000a\000r\000c\000h\000i\000v\000o\000s\000\040\000J\000S\000O\000N\000.\000\040\000P\000r\000\341\000c\000t\000i\000c\000a\000\040\0004}{chapter.3}% 41
\BOOKMARK [2][-]{subsection.3.8.1}{\376\377\000I\000n\000t\000r\000o\000d\000u\000c\000c\000i\000\363\000n}{section.3.8}% 42
\BOOKMARK [2][-]{subsection.3.8.2}{\376\377\000G\000S\000O\000N\000\040\000S\000t\000r\000e\000a\000m\000i\000n\000g}{section.3.8}% 43
\BOOKMARK [2][-]{subsection.3.8.3}{\376\377\000J\000a\000v\000a\000C\000C\000\040\000v\000s\000\040\000G\000S\000O\000N\000\040\000S\000t\000r\000e\000a\000m\000i\000n\000g}{section.3.8}% 44
\BOOKMARK [2][-]{subsection.3.8.4}{\376\377\000D\000e\000s\000c\000r\000i\000p\000c\000i\000\363\000n\000\040\000d\000e\000\040\000l\000a\000\040\000p\000r\000\341\000c\000t\000i\000c\000a}{section.3.8}% 45
\BOOKMARK [2][-]{subsection.3.8.5}{\376\377\000D\000e\000s\000a\000r\000r\000o\000l\000l\000o\000\040\000d\000e\000\040\000l\000a\000\040\000p\000r\000\341\000c\000t\000i\000c\000a}{section.3.8}% 46
\BOOKMARK [2][-]{subsection.3.8.6}{\376\377\000H\000e\000r\000r\000a\000m\000i\000e\000n\000t\000a}{section.3.8}% 47
\BOOKMARK [2][-]{subsection.3.8.7}{\376\377\000C\000o\000n\000c\000l\000u\000s\000i\000o\000n\000e\000s}{section.3.8}% 48
\BOOKMARK [2][-]{subsection.3.8.8}{\376\377\000P\000r\000e\000g\000u\000n\000t\000a\000s\000\040\000F\000r\000e\000c\000u\000e\000n\000t\000e\000s}{section.3.8}% 49
\BOOKMARK [2][-]{subsection.3.8.9}{\376\377\000N\000o\000t\000a\000s}{section.3.8}% 50
\BOOKMARK [2][-]{subsection.3.8.10}{\376\377\000C\000\363\000d\000i\000g\000o\000\040\000F\000u\000e\000n\000t\000e}{section.3.8}% 51
\BOOKMARK [1][-]{section.3.9}{\376\377\000E\000v\000o\000l\000u\000t\000i\000v\000o\000\040\000d\000e\000\040\000l\000a\000s\000\040\000p\000r\000\341\000c\000t\000i\000c\000a\000s}{chapter.3}% 52
\BOOKMARK [2][-]{subsection.3.9.1}{\376\377\000I\000n\000t\000r\000o\000d\000u\000c\000c\000i\000\363\000n}{section.3.9}% 53
\BOOKMARK [2][-]{subsection.3.9.2}{\376\377\000E\000v\000o\000l\000u\000t\000i\000v\000o\000\040\0001\000.\000\040\000X\000M\000L}{section.3.9}% 54
\BOOKMARK [2][-]{subsection.3.9.3}{\376\377\000J\000a\000v\000a\000C\000C\000\040\000v\000s\000\040\000X\000P\000a\000t\000h}{section.3.9}% 55
\BOOKMARK [2][-]{subsection.3.9.4}{\376\377\000D\000e\000s\000c\000r\000i\000p\000c\000i\000\363\000n\000\040\000d\000e\000\040\000l\000a\000\040\000p\000r\000\341\000c\000t\000i\000c\000a}{section.3.9}% 56
\BOOKMARK [2][-]{subsection.3.9.5}{\376\377\000D\000e\000s\000a\000r\000r\000o\000l\000l\000o\000\040\000d\000e\000\040\000l\000a\000\040\000p\000r\000\341\000c\000t\000i\000c\000a}{section.3.9}% 57
\BOOKMARK [2][-]{subsection.3.9.6}{\376\377\000H\000e\000r\000r\000a\000m\000i\000e\000n\000t\000a}{section.3.9}% 58
\BOOKMARK [2][-]{subsection.3.9.7}{\376\377\000C\000o\000n\000c\000l\000u\000s\000i\000o\000n\000e\000s}{section.3.9}% 59
\BOOKMARK [2][-]{subsection.3.9.8}{\376\377\000P\000r\000e\000g\000u\000n\000t\000a\000s\000\040\000F\000r\000e\000c\000u\000e\000n\000t\000e\000s}{section.3.9}% 60
\BOOKMARK [2][-]{subsection.3.9.9}{\376\377\000N\000o\000t\000a\000s}{section.3.9}% 61
\BOOKMARK [0][-]{chapter.4}{\376\377\000R\000e\000s\000u\000l\000t\000a\000d\000o\000s}{}% 62
\BOOKMARK [0][-]{chapter.5}{\376\377\000C\000o\000n\000c\000l\000u\000s\000i\000o\000n\000e\000s}{}% 63
\BOOKMARK [0][-]{appendix.A}{\376\377\000P\000r\000e\000g\000u\000n\000t\000a\000s\000\040\000F\000r\000e\000c\000u\000e\000n\000t\000e\000s}{}% 64
\BOOKMARK [1][-]{section.A.1}{\376\377\000\277\000Q\000u\000e\000\040\000e\000s\000\040\000u\000n\000a\000\040\000p\000r\000o\000d\000u\000c\000c\000i\000o\000n\000\040\000B\000N\000F\000\040\000o\000\040\000E\000N\000B\000F\000?}{appendix.A}% 65
\BOOKMARK [2][-]{subsection.A.1.1}{\376\377\000B\000N\000F}{section.A.1}% 66
\BOOKMARK [2][-]{subsection.A.1.2}{\376\377\000E\000B\000N\000F}{section.A.1}% 67
\BOOKMARK [1][-]{section.A.2}{\376\377\000\277\000Q\000u\000e\000\040\000e\000s\000\040\000u\000n\000\040\000n\000o\000-\000t\000e\000r\000m\000i\000n\000a\000l\000?}{appendix.A}% 68
\BOOKMARK [1][-]{section.A.3}{\376\377\000\277\000C\000\363\000m\000o\000\040\000e\000m\000p\000i\000e\000z\000o\000\040\000a\000\040\000d\000e\000s\000a\000r\000r\000o\000l\000l\000a\000r\000\040\000e\000n\000\040\000J\000a\000v\000a\000C\000C\000?}{appendix.A}% 69
\BOOKMARK [1][-]{section.A.4}{\376\377\000\277\000D\000o\000n\000d\000e\000\040\000p\000u\000e\000d\000o\000\040\000e\000n\000c\000o\000n\000t\000r\000a\000r\000\040\000i\000n\000f\000o\000r\000m\000a\000c\000i\000\363\000n\000\040\000a\000d\000i\000c\000i\000o\000n\000a\000l\000?}{appendix.A}% 70
\BOOKMARK [0][-]{appendix.B}{\376\377\000H\000e\000r\000r\000a\000m\000i\000e\000n\000t\000a\000s\000\040\000u\000t\000i\000l\000i\000z\000a\000d\000a\000s}{}% 71
\BOOKMARK [1][-]{section.B.1}{\376\377\000M\000a\000n\000u\000a\000l\000\040\000d\000e\000\040\000i\000n\000s\000t\000a\000l\000a\000c\000i\000\363\000n\000\040\000y\000\040\000c\000o\000n\000f\000i\000g\000u\000r\000a\000c\000i\000\363\000n}{appendix.B}% 72
\BOOKMARK [2][-]{subsection.B.1.1}{\376\377\000I\000n\000s\000t\000a\000l\000a\000c\000i\000\363\000n\000\040\000d\000e\000\040\000J\000a\000v\000a\000C\000C}{section.B.1}% 73
\BOOKMARK [1][-]{section.B.2}{\376\377\000S\000\355\000m\000b\000o\000l\000o\000s\000\040\000d\000e\000\040\000E\000x\000p\000r\000e\000s\000i\000o\000n\000e\000s\000\040\000r\000e\000g\000u\000l\000a\000r\000e\000s\000\040\000e\000n\000\040\000J\000a\000v\000a\000C\000C}{appendix.B}% 74
\BOOKMARK [0][-]{appendix.C}{\376\377\000C\000\363\000d\000i\000g\000o\000\040\000F\000u\000e\000n\000t\000e}{}% 75
\BOOKMARK [1][-]{section.C.1}{\376\377\000M\000a\000t\000h\000e\000x\000p\000.\000j\000j}{appendix.C}% 76
\BOOKMARK [1][-]{section.C.2}{\376\377\000N\000L\000\137\000X\000l\000a\000t\000o\000r\000.\000j\000j}{appendix.C}% 77
\BOOKMARK [1][-]{section.C.3}{\376\377\000C\000a\000t\000a\000l\000o\000g\000o\000.\000x\000m\000l\000\040\000\050\000S\000i\000m\000p\000l\000i\000f\000i\000c\000a\000d\000o\000\051}{appendix.C}% 78
\BOOKMARK [1][-]{section.C.4}{\376\377\000C\000a\000t\000a\000l\000o\000g\000o\000.\000x\000s\000d\000\040}{appendix.C}% 79
\BOOKMARK [1][-]{section.C.5}{\376\377\000X\000M\000L\000P\000a\000r\000s\000e\000r\000.\000j\000j}{appendix.C}% 80
\BOOKMARK [1][-]{section.C.6}{\376\377\000J\000S\000O\000N\000P\000a\000r\000s\000e\000r\000.\000j\000j}{appendix.C}% 81
