This is pdfTeX, Version 3.141592653-2.6-1.40.24 (MiKTeX 22.1) (preloaded format=pdflatex 2024.2.29)  5 MAR 2024 22:30
entering extended mode
 restricted \write18 enabled.
 %&-line parsing enabled.
**./main.tex
(main.tex
LaTeX2e <2023-11-01> patch level 1
L3 programming layer <2024-02-20>

(/Users/miguel/Library/Application Support/MiKTeX/texmfs/install/tex/latex/base
/report.cls
Document Class: report 2023/05/17 v1.4n Standard LaTeX document class

(/Users/miguel/Library/Application Support/MiKTeX/texmfs/install/tex/latex/base
/size12.clo
File: size12.clo 2023/05/17 v1.4n Standard LaTeX file (size option)
)
\c@part=\count188
\c@chapter=\count189
\c@section=\count190
\c@subsection=\count191
\c@subsubsection=\count192
\c@paragraph=\count193
\c@subparagraph=\count194
\c@figure=\count195
\c@table=\count196
\abovecaptionskip=\skip48
\belowcaptionskip=\skip49
\bibindent=\dimen140
)
(/Users/miguel/Library/Application Support/MiKTeX/texmfs/install/tex/latex/list
ingsutf8/listingsutf8.sty
Package: listingsutf8 2019-12-10 v1.5 Allow UTF-8 in listings input (HO)

(/Users/miguel/Library/Application Support/MiKTeX/texmfs/install/tex/latex/list
ings/listings.sty
(/Users/miguel/Library/Application Support/MiKTeX/texmfs/install/tex/latex/grap
hics/keyval.sty
Package: keyval 2022/05/29 v1.15 key=value parser (DPC)
\KV@toks@=\toks17
)
\lst@mode=\count197
\lst@gtempboxa=\box51
\lst@token=\toks18
\lst@length=\count198
\lst@currlwidth=\dimen141
\lst@column=\count199
\lst@pos=\count266
\lst@lostspace=\dimen142
\lst@width=\dimen143
\lst@newlines=\count267
\lst@lineno=\count268
\lst@maxwidth=\dimen144

(/Users/miguel/Library/Application Support/MiKTeX/texmfs/install/tex/latex/list
ings/lstpatch.sty
File: lstpatch.sty 2024/02/21 1.10 (Carsten Heinz)
)
(/Users/miguel/Library/Application Support/MiKTeX/texmfs/install/tex/latex/list
ings/lstmisc.sty
File: lstmisc.sty 2024/02/21 1.10 (Carsten Heinz)
\c@lstnumber=\count269
\lst@skipnumbers=\count270
\lst@framebox=\box52
)
(/Users/miguel/Library/Application Support/MiKTeX/texmfs/install/tex/latex/list
ings/listings.cfg
File: listings.cfg 2024/02/21 1.10 listings configuration
))
Package: listings 2024/02/21 1.10 (Carsten Heinz)

(/Users/miguel/Library/Application Support/MiKTeX/texmfs/install/tex/generic/pd
ftexcmds/pdftexcmds.sty
Package: pdftexcmds 2020-06-27 v0.33 Utility functions of pdfTeX for LuaTeX (HO
)

(/Users/miguel/Library/Application Support/MiKTeX/texmfs/install/tex/generic/in
fwarerr/infwarerr.sty
Package: infwarerr 2019/12/03 v1.5 Providing info/warning/error messages (HO)
)
(/Users/miguel/Library/Application Support/MiKTeX/texmfs/install/tex/generic/if
tex/iftex.sty
Package: iftex 2022/02/03 v1.0f TeX engine tests
)
(/Users/miguel/Library/Application Support/MiKTeX/texmfs/install/tex/generic/lt
xcmds/ltxcmds.sty
Package: ltxcmds 2023-12-04 v1.26 LaTeX kernel commands for general use (HO)
)
Package pdftexcmds Info: \pdf@primitive is available.
Package pdftexcmds Info: \pdf@ifprimitive is available.
Package pdftexcmds Info: \pdfdraftmode found.
)
(/Users/miguel/Library/Application Support/MiKTeX/texmfs/install/tex/generic/st
ringenc/stringenc.sty
Package: stringenc 2019/11/29 v1.12 Convert strings between diff. encodings (HO
)

(/Users/miguel/Library/Application Support/MiKTeX/texmfs/install/tex/generic/pd
fescape/pdfescape.sty
Package: pdfescape 2019/12/09 v1.15 Implements pdfTeX's escape features (HO)
)))
(/Users/miguel/Library/Application Support/MiKTeX/texmfs/install/tex/generic/ba
bel/babel.sty
Package: babel 2024/02/07 v24.2 The Babel package
\babel@savecnt=\count271
\U@D=\dimen145
\l@unhyphenated=\language79

(/Users/miguel/Library/Application Support/MiKTeX/texmfs/install/tex/generic/ba
bel/txtbabel.def)
\bbl@readstream=\read2
\bbl@dirlevel=\count272

*************************************
* Local config file bblopts.cfg used
*

(/Users/miguel/Library/Application Support/MiKTeX/texmfs/install/tex/latex/arab
i/bblopts.cfg
File: bblopts.cfg 2005/09/08 v0.1 add Arabic and Farsi to "declared" options of
 babel
)
(/Users/miguel/Library/Application Support/MiKTeX/texmfs/install/tex/latex/babe
l-spanish/spanish.ldf
Language: spanish.ldf 2021/05/27 v5.0q Spanish support from the babel system
\es@quottoks=\toks19
\es@quotdepth=\count273
Package babel Info: Making " an active character on input line 570.
Package babel Info: Making . an active character on input line 675.
Package babel Info: Making < an active character on input line 722.
Package babel Info: Making > an active character on input line 722.
)
(/Users/miguel/Library/Application Support/MiKTeX/texmfs/install/tex/latex/babe
l-english/english.ldf
Language: english 2017/06/06 v3.3r English support from the babel system
Package babel Info: Hyphen rules for 'canadian' set to \l@english
(babel)             (\language0). Reported on input line 102.
Package babel Info: Hyphen rules for 'australian' set to \l@ukenglish
(babel)             (\language73). Reported on input line 105.
Package babel Info: Hyphen rules for 'newzealand' set to \l@ukenglish
(babel)             (\language73). Reported on input line 108.
))
(/Users/miguel/Library/Application Support/MiKTeX/texmfs/install/tex/generic/ba
bel/locale/en/babel-english.tex
Package babel Info: Importing font and identification data for english
(babel)             from babel-en.ini. Reported on input line 11.
)
(/Users/miguel/Library/Application Support/MiKTeX/texmfs/install/tex/generic/ba
bel/locale/es/babel-spanish.tex
Package babel Info: Importing font and identification data for spanish
(babel)             from babel-es.ini. Reported on input line 11.
)
(/Users/miguel/Library/Application Support/MiKTeX/texmfs/install/tex/latex/pars
kip/parskip.sty
Package: parskip 2021-03-14 v2.0h non-zero parskip adjustments

(/Users/miguel/Library/Application Support/MiKTeX/texmfs/install/tex/latex/kvop
tions/kvoptions.sty
Package: kvoptions 2022-06-15 v3.15 Key value format for package options (HO)

(/Users/miguel/Library/Application Support/MiKTeX/texmfs/install/tex/latex/kvse
tkeys/kvsetkeys.sty
Package: kvsetkeys 2022-10-05 v1.19 Key value parser (HO)
))
(/Users/miguel/Library/Application Support/MiKTeX/texmfs/install/tex/latex/etoo
lbox/etoolbox.sty
Package: etoolbox 2020/10/05 v2.5k e-TeX tools for LaTeX (JAW)
\etb@tempcnta=\count274
))
(/Users/miguel/Library/Application Support/MiKTeX/texmfs/install/tex/latex/floa
t/float.sty
Package: float 2001/11/08 v1.3d Float enhancements (AL)
\c@float@type=\count275
\float@exts=\toks20
\float@box=\box53
\@float@everytoks=\toks21
\@floatcapt=\box54
)
(/Users/miguel/Library/Application Support/MiKTeX/texmfs/install/tex/latex/base
/inputenc.sty
Package: inputenc 2021/02/14 v1.3d Input encoding file
\inpenc@prehook=\toks22
\inpenc@posthook=\toks23
)
(/Users/miguel/Library/Application Support/MiKTeX/texmfs/install/tex/latex/grap
hics/graphicx.sty
Package: graphicx 2021/09/16 v1.2d Enhanced LaTeX Graphics (DPC,SPQR)

(/Users/miguel/Library/Application Support/MiKTeX/texmfs/install/tex/latex/grap
hics/graphics.sty
Package: graphics 2022/03/10 v1.4e Standard LaTeX Graphics (DPC,SPQR)

(/Users/miguel/Library/Application Support/MiKTeX/texmfs/install/tex/latex/grap
hics/trig.sty
Package: trig 2021/08/11 v1.11 sin cos tan (DPC)
)
(/Users/miguel/Library/Application Support/MiKTeX/texmfs/install/tex/latex/grap
hics-cfg/graphics.cfg
File: graphics.cfg 2016/06/04 v1.11 sample graphics configuration
)
Package graphics Info: Driver file: pdftex.def on input line 107.

(/Users/miguel/Library/Application Support/MiKTeX/texmfs/install/tex/latex/grap
hics-def/pdftex.def
File: pdftex.def 2022/09/22 v1.2b Graphics/color driver for pdftex
))
\Gin@req@height=\dimen146
\Gin@req@width=\dimen147
)
(/Users/miguel/Library/Application Support/MiKTeX/texmfs/install/tex/latex/bibl
atex/biblatex.sty
Package: biblatex 2023/03/05 v3.19 programmable bibliographies (PK/MW)

(/Users/miguel/Library/Application Support/MiKTeX/texmfs/install/tex/latex/logr
eq/logreq.sty
Package: logreq 2010/08/04 v1.0 xml request logger
\lrq@indent=\count276

(/Users/miguel/Library/Application Support/MiKTeX/texmfs/install/tex/latex/logr
eq/logreq.def
File: logreq.def 2010/08/04 v1.0 logreq spec v1.0
))
(/Users/miguel/Library/Application Support/MiKTeX/texmfs/install/tex/latex/base
/ifthen.sty
Package: ifthen 2022/04/13 v1.1d Standard LaTeX ifthen package (DPC)
)
(/Users/miguel/Library/Application Support/MiKTeX/texmfs/install/tex/latex/url/
url.sty
\Urlmuskip=\muskip16
Package: url 2013/09/16  ver 3.4  Verb mode for urls, etc.
)
\c@tabx@nest=\count277
\c@listtotal=\count278
\c@listcount=\count279
\c@liststart=\count280
\c@liststop=\count281
\c@citecount=\count282
\c@citetotal=\count283
\c@multicitecount=\count284
\c@multicitetotal=\count285
\c@instcount=\count286
\c@maxnames=\count287
\c@minnames=\count288
\c@maxitems=\count289
\c@minitems=\count290
\c@citecounter=\count291
\c@maxcitecounter=\count292
\c@savedcitecounter=\count293
\c@uniquelist=\count294
\c@uniquename=\count295
\c@refsection=\count296
\c@refsegment=\count297
\c@maxextratitle=\count298
\c@maxextratitleyear=\count299
\c@maxextraname=\count300
\c@maxextradate=\count301
\c@maxextraalpha=\count302
\c@abbrvpenalty=\count303
\c@highnamepenalty=\count304
\c@lownamepenalty=\count305
\c@maxparens=\count306
\c@parenlevel=\count307
\blx@tempcnta=\count308
\blx@tempcntb=\count309
\blx@tempcntc=\count310
\c@blx@maxsection=\count311
\blx@maxsegment@0=\count312
\blx@notetype=\count313
\blx@parenlevel@text=\count314
\blx@parenlevel@foot=\count315
\blx@sectionciteorder@0=\count316
\blx@sectionciteorderinternal@0=\count317
\blx@entrysetcounter=\count318
\blx@biblioinstance=\count319
\labelnumberwidth=\skip50
\labelalphawidth=\skip51
\biblabelsep=\skip52
\bibitemsep=\skip53
\bibnamesep=\skip54
\bibinitsep=\skip55
\bibparsep=\skip56
\bibhang=\skip57
\blx@bcfin=\read3
\blx@bcfout=\write3
\blx@langwohyphens=\language80
\c@mincomprange=\count320
\c@maxcomprange=\count321
\c@mincompwidth=\count322
Package biblatex Info: Trying to load biblatex default data model...
Package biblatex Info: ... file 'blx-dm.def' found.

(/Users/miguel/Library/Application Support/MiKTeX/texmfs/install/tex/latex/bibl
atex/blx-dm.def
File: blx-dm.def 2023/03/05 v3.19 biblatex localization (PK/MW)
)
Package biblatex Info: Trying to load biblatex style data model...
Package biblatex Info: ... file 'ieee.dbx' not found.
Package biblatex Info: Trying to load biblatex custom data model...
Package biblatex Info: ... file 'biblatex-dm.cfg' not found.
\c@afterword=\count323
\c@savedafterword=\count324
\c@annotator=\count325
\c@savedannotator=\count326
\c@author=\count327
\c@savedauthor=\count328
\c@bookauthor=\count329
\c@savedbookauthor=\count330
\c@commentator=\count331
\c@savedcommentator=\count332
\c@editor=\count333
\c@savededitor=\count334
\c@editora=\count335
\c@savededitora=\count336
\c@editorb=\count337
\c@savededitorb=\count338
\c@editorc=\count339
\c@savededitorc=\count340
\c@foreword=\count341
\c@savedforeword=\count342
\c@holder=\count343
\c@savedholder=\count344
\c@introduction=\count345
\c@savedintroduction=\count346
\c@namea=\count347
\c@savednamea=\count348
\c@nameb=\count349
\c@savednameb=\count350
\c@namec=\count351
\c@savednamec=\count352
\c@translator=\count353
\c@savedtranslator=\count354
\c@shortauthor=\count355
\c@savedshortauthor=\count356
\c@shorteditor=\count357
\c@savedshorteditor=\count358
\c@labelname=\count359
\c@savedlabelname=\count360
\c@institution=\count361
\c@savedinstitution=\count362
\c@lista=\count363
\c@savedlista=\count364
\c@listb=\count365
\c@savedlistb=\count366
\c@listc=\count367
\c@savedlistc=\count368
\c@listd=\count369
\c@savedlistd=\count370
\c@liste=\count371
\c@savedliste=\count372
\c@listf=\count373
\c@savedlistf=\count374
\c@location=\count375
\c@savedlocation=\count376
\c@organization=\count377
\c@savedorganization=\count378
\c@origlocation=\count379
\c@savedoriglocation=\count380
\c@origpublisher=\count381
\c@savedorigpublisher=\count382
\c@publisher=\count383
\c@savedpublisher=\count384
\c@language=\count385
\c@savedlanguage=\count386
\c@origlanguage=\count387
\c@savedoriglanguage=\count388
\c@pageref=\count389
\c@savedpageref=\count390
\shorthandwidth=\skip58
\shortjournalwidth=\skip59
\shortserieswidth=\skip60
\shorttitlewidth=\skip61
\shortauthorwidth=\skip62
\shorteditorwidth=\skip63
\locallabelnumberwidth=\skip64
\locallabelalphawidth=\skip65
\localshorthandwidth=\skip66
\localshortjournalwidth=\skip67
\localshortserieswidth=\skip68
\localshorttitlewidth=\skip69
\localshortauthorwidth=\skip70
\localshorteditorwidth=\skip71
Package biblatex Info: Trying to load compatibility code...
Package biblatex Info: ... file 'blx-compat.def' found.

(/Users/miguel/Library/Application Support/MiKTeX/texmfs/install/tex/latex/bibl
atex/blx-compat.def
File: blx-compat.def 2023/03/05 v3.19 biblatex compatibility (PK/MW)
)
Package biblatex Info: Trying to load generic definitions...
Package biblatex Info: ... file 'biblatex.def' found.

(/Users/miguel/Library/Application Support/MiKTeX/texmfs/install/tex/latex/bibl
atex/biblatex.def
File: biblatex.def 2023/03/05 v3.19 biblatex compatibility (PK/MW)
\c@textcitecount=\count391
\c@textcitetotal=\count392
\c@textcitemaxnames=\count393
\c@biburlbigbreakpenalty=\count394
\c@biburlbreakpenalty=\count395
\c@biburlnumpenalty=\count396
\c@biburlucpenalty=\count397
\c@biburllcpenalty=\count398
\biburlbigskip=\muskip17
\biburlnumskip=\muskip18
\biburlucskip=\muskip19
\biburllcskip=\muskip20
\c@smartand=\count399
)
Package biblatex Info: Trying to load bibliography style 'ieee'...
Package biblatex Info: ... file 'ieee.bbx' found.

(/Users/miguel/Library/Application Support/MiKTeX/texmfs/install/tex/latex/bibl
atex-ieee/ieee.bbx
File: ieee.bbx 2021/12/06 v1.3f biblatex bibliography style
Package biblatex Info: Trying to load bibliography style 'numeric-comp'...
Package biblatex Info: ... file 'numeric-comp.bbx' found.

(/Users/miguel/Library/Application Support/MiKTeX/texmfs/install/tex/latex/bibl
atex/bbx/numeric-comp.bbx
File: numeric-comp.bbx 2023/03/05 v3.19 biblatex bibliography style (PK/MW)
Package biblatex Info: Trying to load bibliography style 'numeric'...
Package biblatex Info: ... file 'numeric.bbx' found.

(/Users/miguel/Library/Application Support/MiKTeX/texmfs/install/tex/latex/bibl
atex/bbx/numeric.bbx
File: numeric.bbx 2023/03/05 v3.19 biblatex bibliography style (PK/MW)
Package biblatex Info: Trying to load bibliography style 'standard'...
Package biblatex Info: ... file 'standard.bbx' found.

(/Users/miguel/Library/Application Support/MiKTeX/texmfs/install/tex/latex/bibl
atex/bbx/standard.bbx
File: standard.bbx 2023/03/05 v3.19 biblatex bibliography style (PK/MW)
\c@bbx:relatedcount=\count400
\c@bbx:relatedtotal=\count401
))))
Package biblatex Info: Trying to load citation style 'ieee'...
Package biblatex Info: ... file 'ieee.cbx' found.

(/Users/miguel/Library/Application Support/MiKTeX/texmfs/install/tex/latex/bibl
atex-ieee/ieee.cbx
File: ieee.cbx 2021/12/06 v1.3f biblatex citation style
Package biblatex Info: Trying to load citation style 'numeric-comp'...
Package biblatex Info: ... file 'numeric-comp.cbx' found.

(/Users/miguel/Library/Application Support/MiKTeX/texmfs/install/tex/latex/bibl
atex/cbx/numeric-comp.cbx
File: numeric-comp.cbx 2023/03/05 v3.19 biblatex citation style (PK/MW)
\c@cbx@tempcnta=\count402
\c@cbx@tempcntb=\count403
\c@cbx@tempcntc=\count404
\c@cbx@tempcntd=\count405
Package biblatex Info: Redefining '\cite'.
Package biblatex Info: Redefining '\parencite'.
Package biblatex Info: Redefining '\footcite'.
Package biblatex Info: Redefining '\footcitetext'.
Package biblatex Info: Redefining '\smartcite'.
Package biblatex Info: Redefining '\supercite'.
Package biblatex Info: Redefining '\textcite'.
Package biblatex Info: Redefining '\textcites'.
Package biblatex Info: Redefining '\cites'.
Package biblatex Info: Redefining '\parencites'.
Package biblatex Info: Redefining '\smartcites'.
)
Package biblatex Info: Redefining '\cite'.
Package biblatex Info: Redefining '\supercite'.
Package biblatex Info: Redefining '\cites'.
)
Package biblatex Info: Trying to load configuration file...
Package biblatex Info: ... file 'biblatex.cfg' found.

(/Users/miguel/Library/Application Support/MiKTeX/texmfs/install/tex/latex/bibl
atex/biblatex.cfg
File: biblatex.cfg 
)
Package biblatex Info: Input encoding 'utf8' detected.
Package biblatex Info: Document encoding is UTF8 ....

(/Users/miguel/Library/Application Support/MiKTeX/texmfs/install/tex/latex/l3ke
rnel/expl3.sty
Package: expl3 2024-02-20 L3 programming layer (loader) 

(/Users/miguel/Library/Application Support/MiKTeX/texmfs/install/tex/latex/l3ba
ckend/l3backend-pdftex.def
File: l3backend-pdftex.def 2024-02-20 L3 backend support: PDF output (pdfTeX)
\l__color_backend_stack_int=\count406
\l__pdf_internal_box=\box55
))
Package biblatex Info: ... and expl3
(biblatex)             2024-02-20 L3 programming layer (loader) 
(biblatex)             is new enough (at least 2020/04/06),
(biblatex)             setting 'casechanger=expl3'.

(/Users/miguel/Library/Application Support/MiKTeX/texmfs/install/tex/latex/bibl
atex/blx-case-expl3.sty
(/Users/miguel/Library/Application Support/MiKTeX/texmfs/install/tex/latex/l3pa
ckages/xparse/xparse.sty
Package: xparse 2024-02-18 L3 Experimental document command parser
)
Package: blx-case-expl3 2023/03/05 v3.19 expl3 case changing code for biblatex
))
(/Users/miguel/Library/Application Support/MiKTeX/texmfs/install/tex/latex/csqu
otes/csquotes.sty
Package: csquotes 2022-09-14 v5.2n context-sensitive quotations (JAW)
\csq@reset=\count407
\csq@gtype=\count408
\csq@glevel=\count409
\csq@qlevel=\count410
\csq@maxlvl=\count411
\csq@tshold=\count412
\csq@ltx@everypar=\toks24

(/Users/miguel/Library/Application Support/MiKTeX/texmfs/install/tex/latex/csqu
otes/csquotes.def
File: csquotes.def 2022-09-14 v5.2n csquotes generic definitions (JAW)
)
Package csquotes Info: Trying to load configuration file 'csquotes.cfg'...
Package csquotes Info: ... configuration file loaded successfully.

(/Users/miguel/Library/Application Support/MiKTeX/texmfs/install/tex/latex/csqu
otes/csquotes.cfg
File: csquotes.cfg 
))
(/Users/miguel/Library/Application Support/MiKTeX/texmfs/install/tex/latex/pdfp
ages/pdfpages.sty
Package: pdfpages 2024/01/21 v0.5y Insert pages of external PDF documents (AM)

(/Users/miguel/Library/Application Support/MiKTeX/texmfs/install/tex/latex/tool
s/calc.sty
Package: calc 2023/07/08 v4.3 Infix arithmetic (KKT,FJ)
\calc@Acount=\count413
\calc@Bcount=\count414
\calc@Adimen=\dimen148
\calc@Bdimen=\dimen149
\calc@Askip=\skip72
\calc@Bskip=\skip73
LaTeX Info: Redefining \setlength on input line 80.
LaTeX Info: Redefining \addtolength on input line 81.
\calc@Ccount=\count415
\calc@Cskip=\skip74
)
(/Users/miguel/Library/Application Support/MiKTeX/texmfs/install/tex/latex/eso-
pic/eso-pic.sty
Package: eso-pic 2023/05/03 v3.0c eso-pic (RN)
\ESO@tempdima=\dimen150
\ESO@tempdimb=\dimen151

(/Users/miguel/Library/Application Support/MiKTeX/texmfs/install/tex/latex/xcol
or/xcolor.sty
Package: xcolor 2023/11/15 v3.01 LaTeX color extensions (UK)

(/Users/miguel/Library/Application Support/MiKTeX/texmfs/install/tex/latex/grap
hics-cfg/color.cfg
File: color.cfg 2016/01/02 v1.6 sample color configuration
)
Package xcolor Info: Driver file: pdftex.def on input line 274.

(/Users/miguel/Library/Application Support/MiKTeX/texmfs/install/tex/latex/grap
hics/mathcolor.ltx)
Package xcolor Info: Model `cmy' substituted by `cmy0' on input line 1350.
Package xcolor Info: Model `hsb' substituted by `rgb' on input line 1354.
Package xcolor Info: Model `RGB' extended on input line 1366.
Package xcolor Info: Model `HTML' substituted by `rgb' on input line 1368.
Package xcolor Info: Model `Hsb' substituted by `hsb' on input line 1369.
Package xcolor Info: Model `tHsb' substituted by `hsb' on input line 1370.
Package xcolor Info: Model `HSB' substituted by `hsb' on input line 1371.
Package xcolor Info: Model `Gray' substituted by `gray' on input line 1372.
Package xcolor Info: Model `wave' substituted by `hsb' on input line 1373.
))
\AM@pagewidth=\dimen152
\AM@pageheight=\dimen153
\AM@fboxrule=\dimen154

(/Users/miguel/Library/Application Support/MiKTeX/texmfs/install/tex/latex/pdfp
ages/pppdftex.def
File: pppdftex.def 2024/01/21 v0.5y Pdfpages driver for pdfTeX (AM)
)
\pdfpages@includegraphics@status=\count416
\AM@pagebox=\box56
\AM@global@opts=\toks25
\AM@pagecnt=\count417
\AM@toc@title=\toks26
\AM@lof@heading=\toks27
\c@AM@survey=\count418
\AM@templatesizebox=\box57
)
(/Users/miguel/Library/Application Support/MiKTeX/texmfs/install/tex/latex/hyph
enat/hyphenat.sty
Package: hyphenat 2009/09/02 v2.3c hyphenation utilities
\langwohyphens=\language81
LaTeX Info: Redefining \_ on input line 43.
)
(/Users/miguel/Library/Application Support/MiKTeX/texmfs/install/tex/latex/accs
upp/accsupp.sty
Package: accsupp 2019/12/05 v0.6 Accessibility support by marked content (HO)

(/Users/miguel/Library/Application Support/MiKTeX/texmfs/install/tex/latex/accs
upp/accsupp-pdftex.def
File: accsupp-pdftex.def 2019/12/05 v0.6 accsupp driver for pdfTeX (HO)
))
(/Users/miguel/Library/Application Support/MiKTeX/texmfs/install/tex/latex/amsm
ath/amsmath.sty
Package: amsmath 2023/05/13 v2.17o AMS math features
\@mathmargin=\skip75

For additional information on amsmath, use the `?' option.

(/Users/miguel/Library/Application Support/MiKTeX/texmfs/install/tex/latex/amsm
ath/amstext.sty
Package: amstext 2021/08/26 v2.01 AMS text

(/Users/miguel/Library/Application Support/MiKTeX/texmfs/install/tex/latex/amsm
ath/amsgen.sty
File: amsgen.sty 1999/11/30 v2.0 generic functions
\@emptytoks=\toks28
\ex@=\dimen155
))
(/Users/miguel/Library/Application Support/MiKTeX/texmfs/install/tex/latex/amsm
ath/amsbsy.sty
Package: amsbsy 1999/11/29 v1.2d Bold Symbols
\pmbraise@=\dimen156
)
(/Users/miguel/Library/Application Support/MiKTeX/texmfs/install/tex/latex/amsm
ath/amsopn.sty
Package: amsopn 2022/04/08 v2.04 operator names
)
\inf@bad=\count419
LaTeX Info: Redefining \frac on input line 234.
\uproot@=\count420
\leftroot@=\count421
LaTeX Info: Redefining \overline on input line 399.
LaTeX Info: Redefining \colon on input line 410.
\classnum@=\count422
\DOTSCASE@=\count423
LaTeX Info: Redefining \ldots on input line 496.
LaTeX Info: Redefining \dots on input line 499.
LaTeX Info: Redefining \cdots on input line 620.
\Mathstrutbox@=\box58
\strutbox@=\box59
LaTeX Info: Redefining \big on input line 722.
LaTeX Info: Redefining \Big on input line 723.
LaTeX Info: Redefining \bigg on input line 724.
LaTeX Info: Redefining \Bigg on input line 725.
\big@size=\dimen157
LaTeX Font Info:    Redeclaring font encoding OML on input line 743.
LaTeX Font Info:    Redeclaring font encoding OMS on input line 744.
\macc@depth=\count424
LaTeX Info: Redefining \bmod on input line 905.
LaTeX Info: Redefining \pmod on input line 910.
LaTeX Info: Redefining \smash on input line 940.
LaTeX Info: Redefining \relbar on input line 970.
LaTeX Info: Redefining \Relbar on input line 971.
\c@MaxMatrixCols=\count425
\dotsspace@=\muskip21
\c@parentequation=\count426
\dspbrk@lvl=\count427
\tag@help=\toks29
\row@=\count428
\column@=\count429
\maxfields@=\count430
\andhelp@=\toks30
\eqnshift@=\dimen158
\alignsep@=\dimen159
\tagshift@=\dimen160
\tagwidth@=\dimen161
\totwidth@=\dimen162
\lineht@=\dimen163
\@envbody=\toks31
\multlinegap=\skip76
\multlinetaggap=\skip77
\mathdisplay@stack=\toks32
LaTeX Info: Redefining \[ on input line 2953.
LaTeX Info: Redefining \] on input line 2954.
)
(/Users/miguel/Library/Application Support/MiKTeX/texmfs/install/tex/latex/geom
etry/geometry.sty
Package: geometry 2020/01/02 v5.9 Page Geometry

(/Users/miguel/Library/Application Support/MiKTeX/texmfs/install/tex/generic/if
tex/ifvtex.sty
Package: ifvtex 2019/10/25 v1.7 ifvtex legacy package. Use iftex instead.
)
\Gm@cnth=\count431
\Gm@cntv=\count432
\c@Gm@tempcnt=\count433
\Gm@bindingoffset=\dimen164
\Gm@wd@mp=\dimen165
\Gm@odd@mp=\dimen166
\Gm@even@mp=\dimen167
\Gm@layoutwidth=\dimen168
\Gm@layoutheight=\dimen169
\Gm@layouthoffset=\dimen170
\Gm@layoutvoffset=\dimen171
\Gm@dimlist=\toks33

(/Users/miguel/Library/Application Support/MiKTeX/texmfs/install/tex/latex/geom
etry/geometry.cfg))
(/Users/miguel/Library/Application Support/MiKTeX/texmfs/install/tex/latex/hype
rref/hyperref.sty
Package: hyperref 2024-01-20 v7.01h Hypertext links for LaTeX

(/Users/miguel/Library/Application Support/MiKTeX/texmfs/install/tex/generic/kv
definekeys/kvdefinekeys.sty
Package: kvdefinekeys 2019-12-19 v1.6 Define keys (HO)
)
(/Users/miguel/Library/Application Support/MiKTeX/texmfs/install/tex/latex/hyco
lor/hycolor.sty
Package: hycolor 2020-01-27 v1.10 Color options for hyperref/bookmark (HO)
)
(/Users/miguel/Library/Application Support/MiKTeX/texmfs/install/tex/latex/auxh
ook/auxhook.sty
Package: auxhook 2019-12-17 v1.6 Hooks for auxiliary files (HO)
)
(/Users/miguel/Library/Application Support/MiKTeX/texmfs/install/tex/latex/hype
rref/nameref.sty
Package: nameref 2023-11-26 v2.56 Cross-referencing by name of section

(/Users/miguel/Library/Application Support/MiKTeX/texmfs/install/tex/latex/refc
ount/refcount.sty
Package: refcount 2019/12/15 v3.6 Data extraction from label references (HO)
)
(/Users/miguel/Library/Application Support/MiKTeX/texmfs/install/tex/generic/ge
ttitlestring/gettitlestring.sty
Package: gettitlestring 2019/12/15 v1.6 Cleanup title references (HO)
)
\c@section@level=\count434
)
\@linkdim=\dimen172
\Hy@linkcounter=\count435
\Hy@pagecounter=\count436

(/Users/miguel/Library/Application Support/MiKTeX/texmfs/install/tex/latex/hype
rref/pd1enc.def
File: pd1enc.def 2024-01-20 v7.01h Hyperref: PDFDocEncoding definition (HO)
Now handling font encoding PD1 ...
... no UTF-8 mapping file for font encoding PD1
)
(/Users/miguel/Library/Application Support/MiKTeX/texmfs/install/tex/generic/in
tcalc/intcalc.sty
Package: intcalc 2019/12/15 v1.3 Expandable calculations with integers (HO)
)
\Hy@SavedSpaceFactor=\count437

(/Users/miguel/Library/Application Support/MiKTeX/texmfs/install/tex/latex/hype
rref/puenc.def
File: puenc.def 2024-01-20 v7.01h Hyperref: PDF Unicode definition (HO)
Now handling font encoding PU ...
... no UTF-8 mapping file for font encoding PU
)
Package hyperref Info: Option `pdfpagelabels' set `true' on input line 4062.
Package hyperref Info: Option `colorlinks' set `true' on input line 4062.
Package hyperref Info: Hyper figures OFF on input line 4179.
Package hyperref Info: Link nesting OFF on input line 4184.
Package hyperref Info: Hyper index ON on input line 4187.
Package hyperref Info: Plain pages OFF on input line 4194.
Package hyperref Info: Backreferencing OFF on input line 4199.
Package hyperref Info: Implicit mode ON; LaTeX internals redefined.
Package hyperref Info: Bookmarks ON on input line 4446.
\c@Hy@tempcnt=\count438
LaTeX Info: Redefining \url on input line 4784.
\XeTeXLinkMargin=\dimen173

(/Users/miguel/Library/Application Support/MiKTeX/texmfs/install/tex/generic/bi
tset/bitset.sty
Package: bitset 2019/12/09 v1.3 Handle bit-vector datatype (HO)

(/Users/miguel/Library/Application Support/MiKTeX/texmfs/install/tex/generic/bi
gintcalc/bigintcalc.sty
Package: bigintcalc 2019/12/15 v1.5 Expandable calculations on big integers (HO
)
))
\Fld@menulength=\count439
\Field@Width=\dimen174
\Fld@charsize=\dimen175
Package hyperref Info: Hyper figures OFF on input line 6063.
Package hyperref Info: Link nesting OFF on input line 6068.
Package hyperref Info: Hyper index ON on input line 6071.
Package hyperref Info: backreferencing OFF on input line 6078.
Package hyperref Info: Link coloring ON on input line 6081.
Package hyperref Info: Link coloring with OCG OFF on input line 6088.
Package hyperref Info: PDF/A mode OFF on input line 6093.

(/Users/miguel/Library/Application Support/MiKTeX/texmfs/install/tex/latex/base
/atbegshi-ltx.sty
Package: atbegshi-ltx 2021/01/10 v1.0c Emulation of the original atbegshi
package with kernel methods
)
\Hy@abspage=\count440
\c@Item=\count441
\c@Hfootnote=\count442
)
Package hyperref Info: Driver (autodetected): hpdftex.

(/Users/miguel/Library/Application Support/MiKTeX/texmfs/install/tex/latex/hype
rref/hpdftex.def
File: hpdftex.def 2024-01-20 v7.01h Hyperref driver for pdfTeX

(/Users/miguel/Library/Application Support/MiKTeX/texmfs/install/tex/latex/base
/atveryend-ltx.sty
Package: atveryend-ltx 2020/08/19 v1.0a Emulation of the original atveryend pac
kage
with kernel methods
)
\Fld@listcount=\count443
\c@bookmark@seq@number=\count444

(/Users/miguel/Library/Application Support/MiKTeX/texmfs/install/tex/latex/reru
nfilecheck/rerunfilecheck.sty
Package: rerunfilecheck 2022-07-10 v1.10 Rerun checks for auxiliary files (HO)

(/Users/miguel/Library/Application Support/MiKTeX/texmfs/install/tex/generic/un
iquecounter/uniquecounter.sty
Package: uniquecounter 2019/12/15 v1.4 Provide unlimited unique counter (HO)
)
Package uniquecounter Info: New unique counter `rerunfilecheck' on input line 2
85.
)
\Hy@SectionHShift=\skip78
)
(/Users/miguel/Library/Application Support/MiKTeX/texmfs/install/tex/latex/appl
ekeys/applekeys.sty
Package: applekeys 2005/08/24 H.S. For inclusion of apple key graphics 
)
(/Users/miguel/Library/Application Support/MiKTeX/texmfs/install/tex/latex/list
ings/lstlang1.sty
File: lstlang1.sty 2024/02/21 1.10 listings language file
)
Package csquotes Info: Checking for multilingual support...
Package csquotes Info: ... found 'babel' package.
Package csquotes Info: Adjusting default style.
Package csquotes Info: Redefining alias 'default' -> 'english'.
 (main.aux
LaTeX Info: Redefining \. on input line 13.
LaTeX Info: Redefining \% on input line 13.
LaTeX Info: Redefining \. on input line 15.
LaTeX Info: Redefining \% on input line 15.
)
\openout1 = `main.aux'.

LaTeX Font Info:    Checking defaults for OML/cmm/m/it on input line 70.
LaTeX Font Info:    ... okay on input line 70.
LaTeX Font Info:    Checking defaults for OMS/cmsy/m/n on input line 70.
LaTeX Font Info:    ... okay on input line 70.
LaTeX Font Info:    Checking defaults for OT1/cmr/m/n on input line 70.
LaTeX Font Info:    ... okay on input line 70.
LaTeX Font Info:    Checking defaults for T1/cmr/m/n on input line 70.
LaTeX Font Info:    ... okay on input line 70.
LaTeX Font Info:    Checking defaults for TS1/cmr/m/n on input line 70.
LaTeX Font Info:    ... okay on input line 70.
LaTeX Font Info:    Checking defaults for OMX/cmex/m/n on input line 70.
LaTeX Font Info:    ... okay on input line 70.
LaTeX Font Info:    Checking defaults for U/cmr/m/n on input line 70.
LaTeX Font Info:    ... okay on input line 70.
LaTeX Font Info:    Checking defaults for PD1/pdf/m/n on input line 70.
LaTeX Font Info:    ... okay on input line 70.
LaTeX Font Info:    Checking defaults for PU/pdf/m/n on input line 70.
LaTeX Font Info:    ... okay on input line 70.
\c@lstlisting=\count445

(/Users/miguel/Library/Application Support/MiKTeX/texmfs/install/tex/context/ba
se/mkii/supp-pdf.mkii
[Loading MPS to PDF converter (version 2006.09.02).]
\scratchcounter=\count446
\scratchdimen=\dimen176
\scratchbox=\box60
\nofMPsegments=\count447
\nofMParguments=\count448
\everyMPshowfont=\toks34
\MPscratchCnt=\count449
\MPscratchDim=\dimen177
\MPnumerator=\count450
\makeMPintoPDFobject=\count451
\everyMPtoPDFconversion=\toks35
)
(/Users/miguel/Library/Application Support/MiKTeX/texmfs/install/tex/latex/epst
opdf-pkg/epstopdf-base.sty
Package: epstopdf-base 2020-01-24 v2.11 Base part for package epstopdf
Package epstopdf-base Info: Redefining graphics rule for `.eps' on input line 4
85.

(/Users/miguel/Library/Application Support/MiKTeX/texmfs/install/tex/latex/00mi
ktex/epstopdf-sys.cfg
File: epstopdf-sys.cfg 2021/03/18 v2.0 Configuration of epstopdf for MiKTeX
))
Package biblatex Info: Trying to load language 'english'...
Package biblatex Info: ... file 'english.lbx' found.

(/Users/miguel/Library/Application Support/MiKTeX/texmfs/install/tex/latex/bibl
atex/lbx/english.lbx
File: english.lbx 2023/03/05 v3.19 biblatex localization (PK/MW)
)
Package biblatex Info: Trying to load language 'spanish'...
Package biblatex Info: ... file 'spanish.lbx' found.

(/Users/miguel/Library/Application Support/MiKTeX/texmfs/install/tex/latex/bibl
atex/lbx/spanish.lbx
File: spanish.lbx 2023/03/05 v3.19 biblatex localization (PK/MW)
)
Package biblatex Info: Input encoding 'utf8' detected.
Package biblatex Info: Automatic encoding selection.
(biblatex)             Assuming data encoding 'utf8'.
\openout3 = `main.bcf'.

Package biblatex Info: Trying to load bibliographic data...
Package biblatex Info: ... file 'main.bbl' found.
 (main.bbl)
Package biblatex Info: Reference section=0 on input line 70.
Package biblatex Info: Reference segment=0 on input line 70.

(/Users/miguel/Library/Application Support/MiKTeX/texmfs/install/tex/latex/pdfl
scape/pdflscape.sty
Package: pdflscape 2022-10-27 v0.13 Display of landscape pages in PDF

(/Users/miguel/Library/Application Support/MiKTeX/texmfs/install/tex/latex/pdfl
scape/pdflscape-nometadata.sty
Package: pdflscape-nometadata 2022-10-28 v0.13 Display of landscape pages in PD
F (HO)

(/Users/miguel/Library/Application Support/MiKTeX/texmfs/install/tex/latex/grap
hics/lscape.sty
Package: lscape 2020/05/28 v3.02 Landscape Pages (DPC)
)
Package pdflscape Info: Auto-detected driver: pdftex on input line 81.
))
*geometry* driver: auto-detecting
*geometry* detected driver: pdftex
*geometry* verbose mode - [ preamble ] result:
* driver: pdftex
* paper: a4paper
* layout: <same size as paper>
* layoutoffset:(h,v)=(0.0pt,0.0pt)
* modes: 
* h-part:(L,W,R)=(85.35826pt, 426.79135pt, 85.35826pt)
* v-part:(T,H,B)=(56.9055pt, 731.23584pt, 56.9055pt)
* \paperwidth=597.50787pt
* \paperheight=845.04684pt
* \textwidth=426.79135pt
* \textheight=731.23584pt
* \oddsidemargin=13.08827pt
* \evensidemargin=13.08827pt
* \topmargin=-52.36449pt
* \headheight=12.0pt
* \headsep=25.0pt
* \topskip=12.0pt
* \footskip=30.0pt
* \marginparwidth=49.79231pt
* \marginparsep=10.0pt
* \columnsep=10.0pt
* \skip\footins=10.8pt plus 4.0pt minus 2.0pt
* \hoffset=0.0pt
* \voffset=0.0pt
* \mag=1000
* \@twocolumnfalse
* \@twosidefalse
* \@mparswitchfalse
* \@reversemarginfalse
* (1in=72.27pt=25.4mm, 1cm=28.453pt)

Package hyperref Info: Link coloring ON on input line 70.
(main.out) (main.out)
\@outlinefile=\write4
\openout4 = `main.out'.

LaTeX Info: Redefining \sptext on input line 71.
LaTeX Info: Redefining \. on input line 71.
LaTeX Info: Redefining \% on input line 71.
Package hyperref Info: Option `pageanchor' set `false' on input line 73.
<imagenes/primerapagina.pdf, id=327, 597.79335pt x 845.19763pt>
File: imagenes/primerapagina.pdf Graphic file (type pdf)
<use imagenes/primerapagina.pdf>
Package pdftex.def Info: imagenes/primerapagina.pdf  used on input line 74.
(pdftex.def)             Requested size: 597.79189pt x 845.19557pt.
File: imagenes/primerapagina.pdf Graphic file (type pdf)
<use imagenes/primerapagina.pdf>
Package pdftex.def Info: imagenes/primerapagina.pdf  used on input line 74.
(pdftex.def)             Requested size: 597.79189pt x 845.19557pt.
<imagenes/primerapagina.pdf, id=330, page=1, 597.79335pt x 845.19763pt>
File: imagenes/primerapagina.pdf Graphic file (type pdf)
<use imagenes/primerapagina.pdf, page 1>
Package pdftex.def Info: imagenes/primerapagina.pdf , page1 used on input line 
74.
(pdftex.def)             Requested size: 597.79189pt x 845.19557pt.
File: imagenes/primerapagina.pdf Graphic file (type pdf)
<use imagenes/primerapagina.pdf, page 1>
Package pdftex.def Info: imagenes/primerapagina.pdf , page1 used on input line 
74.
(pdftex.def)             Requested size: 597.81924pt x 845.23425pt.
File: imagenes/primerapagina.pdf Graphic file (type pdf)
<use imagenes/primerapagina.pdf, page 1>
Package pdftex.def Info: imagenes/primerapagina.pdf , page1 used on input line 
74.
(pdftex.def)             Requested size: 597.81924pt x 845.23425pt.
File: imagenes/primerapagina.pdf Graphic file (type pdf)
<use imagenes/primerapagina.pdf, page 1>
Package pdftex.def Info: imagenes/primerapagina.pdf , page1 used on input line 
74.
(pdftex.def)             Requested size: 597.81924pt x 845.23425pt.
File: imagenes/primerapagina.pdf Graphic file (type pdf)
<use imagenes/primerapagina.pdf, page 1>
Package pdftex.def Info: imagenes/primerapagina.pdf , page1 used on input line 
74.
(pdftex.def)             Requested size: 597.81924pt x 845.23425pt.
 [1


 <./imagenes/primerapagina.pdf>] [1{/Users/miguel/Library/Application Support/M
iKTeX/texmfs/data/fonts/map/pdftex/pdftex.map}]
[1]
LaTeX Info: Redefining \sptext on input line 90.
LaTeX Info: Redefining \. on input line 90.
LaTeX Info: Redefining \% on input line 90.
Package hyperref Info: Option `pageanchor' set `false' on input line 98.
 [1

] (main.toc
LaTeX Info: Redefining \sptext on input line 2.
LaTeX Info: Redefining \. on input line 2.
LaTeX Info: Redefining \% on input line 2.
LaTeX Info: Redefining \sptext on input line 4.
LaTeX Info: Redefining \. on input line 4.
LaTeX Info: Redefining \% on input line 4.
 [2

])
\tf@toc=\write5
\openout5 = `main.toc'.

 [3]
Cap\'{\i }tulo 1.
(capitulos/introduccion.tex [4

]) [5]
Cap\'{\i }tulo 2.
(capitulos/estadodelarte.tex
Package csquotes Info: Input encoding change on input line 11.

(/Users/miguel/Library/Application Support/MiKTeX/texmfs/install/tex/latex/base
/latin1.def
File: latin1.def 2021/02/14 v1.3d Input encoding file
)
<imagenes/analizadorlexico.png, id=464, 456.2646pt x 271.0125pt>
File: imagenes/analizadorlexico.png Graphic file (type png)
<use imagenes/analizadorlexico.png>
Package pdftex.def Info: imagenes/analizadorlexico.png  used on input line 21.
(pdftex.def)             Requested size: 341.43437pt x 202.8081pt.
 [6

]
Package csquotes Info: Input encoding change on input line 25.

(/Users/miguel/Library/Application Support/MiKTeX/texmfs/install/tex/latex/base
/latin1.def
File: latin1.def 2021/02/14 v1.3d Input encoding file
)
Package csquotes Info: Input encoding change on input line 27.

(/Users/miguel/Library/Application Support/MiKTeX/texmfs/install/tex/latex/base
/latin1.def
File: latin1.def 2021/02/14 v1.3d Input encoding file
)
Package hyperref Info: bookmark level for unknown lstlisting defaults to 0 on i
nput line 34.
Package csquotes Info: Input encoding change on input line 34.

(/Users/miguel/Library/Application Support/MiKTeX/texmfs/install/tex/latex/base
/latin1.def
File: latin1.def 2021/02/14 v1.3d Input encoding file
)
(/Users/miguel/Library/Application Support/MiKTeX/texmfs/install/tex/generic/st
ringenc/se-utf8.def
File: se-utf8.def 2019/11/29 v1.12 stringenc: UTF-8
)
(/Users/miguel/Library/Application Support/MiKTeX/texmfs/install/tex/generic/st
ringenc/se-iso-8859-1.def
File: se-iso-8859-1.def 2019/11/29 v1.12 stringenc: ISO-8859-1
)
Package csquotes Info: Input encoding change on input line 36.

(/Users/miguel/Library/Application Support/MiKTeX/texmfs/install/tex/latex/base
/latin1.def
File: latin1.def 2021/02/14 v1.3d Input encoding file
)
Package csquotes Info: Input encoding change on input line 36.

(/Users/miguel/Library/Application Support/MiKTeX/texmfs/install/tex/latex/base
/latin1.def
File: latin1.def 2021/02/14 v1.3d Input encoding file
)
Package csquotes Info: Input encoding change on input line 36.

(/Users/miguel/Library/Application Support/MiKTeX/texmfs/install/tex/latex/base
/latin1.def
File: latin1.def 2021/02/14 v1.3d Input encoding file
)
Package csquotes Info: Input encoding change on input line 36.

(/Users/miguel/Library/Application Support/MiKTeX/texmfs/install/tex/latex/base
/latin1.def
File: latin1.def 2021/02/14 v1.3d Input encoding file
)
Package csquotes Info: Input encoding change on input line 36.

(/Users/miguel/Library/Application Support/MiKTeX/texmfs/install/tex/latex/base
/latin1.def
File: latin1.def 2021/02/14 v1.3d Input encoding file
)
Package csquotes Info: Input encoding change on input line 36.

(/Users/miguel/Library/Application Support/MiKTeX/texmfs/install/tex/latex/base
/latin1.def
File: latin1.def 2021/02/14 v1.3d Input encoding file
)
Package csquotes Info: Input encoding change on input line 36.

(/Users/miguel/Library/Application Support/MiKTeX/texmfs/install/tex/latex/base
/latin1.def
File: latin1.def 2021/02/14 v1.3d Input encoding file
)
Package csquotes Info: Input encoding change on input line 36.

(/Users/miguel/Library/Application Support/MiKTeX/texmfs/install/tex/latex/base
/latin1.def
File: latin1.def 2021/02/14 v1.3d Input encoding file
)
Package csquotes Info: Input encoding change on input line 36.

(/Users/miguel/Library/Application Support/MiKTeX/texmfs/install/tex/latex/base
/latin1.def
File: latin1.def 2021/02/14 v1.3d Input encoding file
)
Package csquotes Info: Input encoding change on input line 36.

(/Users/miguel/Library/Application Support/MiKTeX/texmfs/install/tex/latex/base
/latin1.def
File: latin1.def 2021/02/14 v1.3d Input encoding file
)
Package csquotes Info: Input encoding change on input line 36.

(/Users/miguel/Library/Application Support/MiKTeX/texmfs/install/tex/latex/base
/latin1.def
File: latin1.def 2021/02/14 v1.3d Input encoding file
)
Package csquotes Info: Input encoding change on input line 36.

(/Users/miguel/Library/Application Support/MiKTeX/texmfs/install/tex/latex/base
/latin1.def
File: latin1.def 2021/02/14 v1.3d Input encoding file
)
Package csquotes Info: Input encoding change on input line 36.

(/Users/miguel/Library/Application Support/MiKTeX/texmfs/install/tex/latex/base
/latin1.def
File: latin1.def 2021/02/14 v1.3d Input encoding file
)
Package csquotes Info: Input encoding change on input line 36.

(/Users/miguel/Library/Application Support/MiKTeX/texmfs/install/tex/latex/base
/latin1.def
File: latin1.def 2021/02/14 v1.3d Input encoding file
)
Package csquotes Info: Input encoding change on input line 39.

(/Users/miguel/Library/Application Support/MiKTeX/texmfs/install/tex/latex/base
/latin1.def
File: latin1.def 2021/02/14 v1.3d Input encoding file
) [7 <./imagenes/analizadorlexico.png>]
Package csquotes Info: Input encoding change on input line 47.

(/Users/miguel/Library/Application Support/MiKTeX/texmfs/install/tex/latex/base
/latin1.def
File: latin1.def 2021/02/14 v1.3d Input encoding file
)
Package csquotes Info: Input encoding change on input line 47.

(/Users/miguel/Library/Application Support/MiKTeX/texmfs/install/tex/latex/base
/latin1.def
File: latin1.def 2021/02/14 v1.3d Input encoding file
)
<imagenes/analizadorsintactico.png, id=489, 572.8602pt x 338.82585pt>
File: imagenes/analizadorsintactico.png Graphic file (type png)
<use imagenes/analizadorsintactico.png>
Package pdftex.def Info: imagenes/analizadorsintactico.png  used on input line 
59.
(pdftex.def)             Requested size: 426.79135pt x 252.43332pt.
 [8]
Package csquotes Info: Input encoding change on input line 68.

(/Users/miguel/Library/Application Support/MiKTeX/texmfs/install/tex/latex/base
/latin1.def
File: latin1.def 2021/02/14 v1.3d Input encoding file
)
Package csquotes Info: Input encoding change on input line 68.

(/Users/miguel/Library/Application Support/MiKTeX/texmfs/install/tex/latex/base
/latin1.def
File: latin1.def 2021/02/14 v1.3d Input encoding file
) [9 <./imagenes/analizadorsintactico.png>]
Package csquotes Info: Input encoding change on input line 84.

(/Users/miguel/Library/Application Support/MiKTeX/texmfs/install/tex/latex/base
/latin1.def
File: latin1.def 2021/02/14 v1.3d Input encoding file
)
Package csquotes Info: Input encoding change on input line 91.

(/Users/miguel/Library/Application Support/MiKTeX/texmfs/install/tex/latex/base
/latin1.def
File: latin1.def 2021/02/14 v1.3d Input encoding file
) [10]
Package csquotes Info: Input encoding change on input line 128.

(/Users/miguel/Library/Application Support/MiKTeX/texmfs/install/tex/latex/base
/latin1.def
File: latin1.def 2021/02/14 v1.3d Input encoding file
) [11]
Package csquotes Info: Input encoding change on input line 136.

(/Users/miguel/Library/Application Support/MiKTeX/texmfs/install/tex/latex/base
/latin1.def
File: latin1.def 2021/02/14 v1.3d Input encoding file
)
Package csquotes Info: Input encoding change on input line 138.

(/Users/miguel/Library/Application Support/MiKTeX/texmfs/install/tex/latex/base
/latin1.def
File: latin1.def 2021/02/14 v1.3d Input encoding file
)
Package csquotes Info: Input encoding change on input line 139.

(/Users/miguel/Library/Application Support/MiKTeX/texmfs/install/tex/latex/base
/latin1.def
File: latin1.def 2021/02/14 v1.3d Input encoding file
)
Package csquotes Info: Input encoding change on input line 140.

(/Users/miguel/Library/Application Support/MiKTeX/texmfs/install/tex/latex/base
/latin1.def
File: latin1.def 2021/02/14 v1.3d Input encoding file
)
Package csquotes Info: Input encoding change on input line 140.

(/Users/miguel/Library/Application Support/MiKTeX/texmfs/install/tex/latex/base
/latin1.def
File: latin1.def 2021/02/14 v1.3d Input encoding file
)
Package csquotes Info: Input encoding change on input line 140.

(/Users/miguel/Library/Application Support/MiKTeX/texmfs/install/tex/latex/base
/latin1.def
File: latin1.def 2021/02/14 v1.3d Input encoding file
)
Package csquotes Info: Input encoding change on input line 140.

(/Users/miguel/Library/Application Support/MiKTeX/texmfs/install/tex/latex/base
/latin1.def
File: latin1.def 2021/02/14 v1.3d Input encoding file
)
Package csquotes Info: Input encoding change on input line 144.

(/Users/miguel/Library/Application Support/MiKTeX/texmfs/install/tex/latex/base
/latin1.def
File: latin1.def 2021/02/14 v1.3d Input encoding file
)
Package csquotes Info: Input encoding change on input line 145.

(/Users/miguel/Library/Application Support/MiKTeX/texmfs/install/tex/latex/base
/latin1.def
File: latin1.def 2021/02/14 v1.3d Input encoding file
) [12] [13]
Package csquotes Info: Input encoding change on input line 204.

(/Users/miguel/Library/Application Support/MiKTeX/texmfs/install/tex/latex/base
/latin1.def
File: latin1.def 2021/02/14 v1.3d Input encoding file
)
Package csquotes Info: Input encoding change on input line 216.

(/Users/miguel/Library/Application Support/MiKTeX/texmfs/install/tex/latex/base
/latin1.def
File: latin1.def 2021/02/14 v1.3d Input encoding file
) [14] [15]) [16]
Cap\'{\i }tulo 3.
(capitulos/desarrollo.tex [17

] [18] [19]
<imagenes/Practica3fig1.jpg, id=606, 364.3302pt x 304.72609pt>
File: imagenes/Practica3fig1.jpg Graphic file (type jpg)
<use imagenes/Practica3fig1.jpg>
Package pdftex.def Info: imagenes/Practica3fig1.jpg  used on input line 102.
(pdftex.def)             Requested size: 426.79135pt x 356.98376pt.
 [20]
<imagenes/Practica3fig2.jpg, id=610, 483.9295pt x 323.41823pt>
File: imagenes/Practica3fig2.jpg Graphic file (type jpg)
<use imagenes/Practica3fig2.jpg>
Package pdftex.def Info: imagenes/Practica3fig2.jpg  used on input line 118.
(pdftex.def)             Requested size: 426.79135pt x 285.24059pt.
 [21 <./imagenes/Practica3fig1.jpg>] [22 <./imagenes/Practica3fig2.jpg>] [23] [
24] [25] [26] [27]) [28]
Cap\'{\i }tulo 4.
(capitulos/resultados.tex) [29

]
Cap\'{\i }tulo 5.
(capitulos/conclusiones.tex) [30

]
Ap\'{e}ndice A.
(capitulos/preguntasfrecuentes.tex [31

] [32] [33]) [34]
Ap\'{e}ndice B.
(capitulos/herramientas.tex
Package csquotes Info: Input encoding change on input line 17.

(/Users/miguel/Library/Application Support/MiKTeX/texmfs/install/tex/latex/base
/latin1.def
File: latin1.def 2021/02/14 v1.3d Input encoding file
)
Package csquotes Info: Input encoding change on input line 27.

(/Users/miguel/Library/Application Support/MiKTeX/texmfs/install/tex/latex/base
/latin1.def
File: latin1.def 2021/02/14 v1.3d Input encoding file
)
Package csquotes Info: Input encoding change on input line 31.

(/Users/miguel/Library/Application Support/MiKTeX/texmfs/install/tex/latex/base
/latin1.def
File: latin1.def 2021/02/14 v1.3d Input encoding file
)
Package csquotes Info: Input encoding change on input line 33.

(/Users/miguel/Library/Application Support/MiKTeX/texmfs/install/tex/latex/base
/latin1.def
File: latin1.def 2021/02/14 v1.3d Input encoding file
) [35

]
Package csquotes Info: Input encoding change on input line 36.

(/Users/miguel/Library/Application Support/MiKTeX/texmfs/install/tex/latex/base
/latin1.def
File: latin1.def 2021/02/14 v1.3d Input encoding file
)
Package csquotes Info: Input encoding change on input line 37.

(/Users/miguel/Library/Application Support/MiKTeX/texmfs/install/tex/latex/base
/latin1.def
File: latin1.def 2021/02/14 v1.3d Input encoding file
)
Package csquotes Info: Input encoding change on input line 39.

(/Users/miguel/Library/Application Support/MiKTeX/texmfs/install/tex/latex/base
/latin1.def
File: latin1.def 2021/02/14 v1.3d Input encoding file
)
Package csquotes Info: Input encoding change on input line 53.

(/Users/miguel/Library/Application Support/MiKTeX/texmfs/install/tex/latex/base
/latin1.def
File: latin1.def 2021/02/14 v1.3d Input encoding file
)
Package csquotes Info: Input encoding change on input line 57.

(/Users/miguel/Library/Application Support/MiKTeX/texmfs/install/tex/latex/base
/latin1.def
File: latin1.def 2021/02/14 v1.3d Input encoding file
)
<command.pdf, id=671, 435.21596pt x 435.21596pt>
File: command.pdf Graphic file (type pdf)
<use command.pdf>
Package pdftex.def Info: command.pdf  used on input line 66.
(pdftex.def)             Requested size: 8.80576pt x 8.81241pt.
Package csquotes Info: Input encoding change on input line 67.

(/Users/miguel/Library/Application Support/MiKTeX/texmfs/install/tex/latex/base
/latin1.def
File: latin1.def 2021/02/14 v1.3d Input encoding file
)
<imagenes/javacccompilation.png, id=672, 449.96678pt x 160.88678pt>
File: imagenes/javacccompilation.png Graphic file (type png)
<use imagenes/javacccompilation.png>
Package pdftex.def Info: imagenes/javacccompilation.png  used on input line 76.

(pdftex.def)             Requested size: 384.1096pt x 137.34602pt.
 [36 </Users/miguel/Library/Application Support/MiKTeX/texmfs/install/tex/latex
/applekeys/command.pdf>]
Package csquotes Info: Input encoding change on input line 82.

(/Users/miguel/Library/Application Support/MiKTeX/texmfs/install/tex/latex/base
/latin1.def
File: latin1.def 2021/02/14 v1.3d Input encoding file
)
Package csquotes Info: Input encoding change on input line 82.

(/Users/miguel/Library/Application Support/MiKTeX/texmfs/install/tex/latex/base
/latin1.def
File: latin1.def 2021/02/14 v1.3d Input encoding file
)
Package csquotes Info: Input encoding change on input line 82.

(/Users/miguel/Library/Application Support/MiKTeX/texmfs/install/tex/latex/base
/latin1.def
File: latin1.def 2021/02/14 v1.3d Input encoding file
)
Package csquotes Info: Input encoding change on input line 82.

(/Users/miguel/Library/Application Support/MiKTeX/texmfs/install/tex/latex/base
/latin1.def
File: latin1.def 2021/02/14 v1.3d Input encoding file
)
Package csquotes Info: Input encoding change on input line 84.

(/Users/miguel/Library/Application Support/MiKTeX/texmfs/install/tex/latex/base
/latin1.def
File: latin1.def 2021/02/14 v1.3d Input encoding file
)
Package csquotes Info: Input encoding change on input line 84.

(/Users/miguel/Library/Application Support/MiKTeX/texmfs/install/tex/latex/base
/latin1.def
File: latin1.def 2021/02/14 v1.3d Input encoding file
)
Package csquotes Info: Input encoding change on input line 84.

(/Users/miguel/Library/Application Support/MiKTeX/texmfs/install/tex/latex/base
/latin1.def
File: latin1.def 2021/02/14 v1.3d Input encoding file
)
Package csquotes Info: Input encoding change on input line 84.

(/Users/miguel/Library/Application Support/MiKTeX/texmfs/install/tex/latex/base
/latin1.def
File: latin1.def 2021/02/14 v1.3d Input encoding file
)
Package csquotes Info: Input encoding change on input line 86.

(/Users/miguel/Library/Application Support/MiKTeX/texmfs/install/tex/latex/base
/latin1.def
File: latin1.def 2021/02/14 v1.3d Input encoding file
)
Package csquotes Info: Input encoding change on input line 86.

(/Users/miguel/Library/Application Support/MiKTeX/texmfs/install/tex/latex/base
/latin1.def
File: latin1.def 2021/02/14 v1.3d Input encoding file
)
Package csquotes Info: Input encoding change on input line 86.

(/Users/miguel/Library/Application Support/MiKTeX/texmfs/install/tex/latex/base
/latin1.def
File: latin1.def 2021/02/14 v1.3d Input encoding file
)
Package csquotes Info: Input encoding change on input line 86.

(/Users/miguel/Library/Application Support/MiKTeX/texmfs/install/tex/latex/base
/latin1.def
File: latin1.def 2021/02/14 v1.3d Input encoding file
)
Package csquotes Info: Input encoding change on input line 89.

(/Users/miguel/Library/Application Support/MiKTeX/texmfs/install/tex/latex/base
/latin1.def
File: latin1.def 2021/02/14 v1.3d Input encoding file
)
Package csquotes Info: Input encoding change on input line 89.

(/Users/miguel/Library/Application Support/MiKTeX/texmfs/install/tex/latex/base
/latin1.def
File: latin1.def 2021/02/14 v1.3d Input encoding file
)
Package csquotes Info: Input encoding change on input line 89.

(/Users/miguel/Library/Application Support/MiKTeX/texmfs/install/tex/latex/base
/latin1.def
File: latin1.def 2021/02/14 v1.3d Input encoding file
)
Package csquotes Info: Input encoding change on input line 89.

(/Users/miguel/Library/Application Support/MiKTeX/texmfs/install/tex/latex/base
/latin1.def
File: latin1.def 2021/02/14 v1.3d Input encoding file
)
Package csquotes Info: Input encoding change on input line 89.

(/Users/miguel/Library/Application Support/MiKTeX/texmfs/install/tex/latex/base
/latin1.def
File: latin1.def 2021/02/14 v1.3d Input encoding file
)
Package csquotes Info: Input encoding change on input line 89.

(/Users/miguel/Library/Application Support/MiKTeX/texmfs/install/tex/latex/base
/latin1.def
File: latin1.def 2021/02/14 v1.3d Input encoding file
)) [37 <./imagenes/javacccompilation.png>]
Ap\'{e}ndice C.
(capitulos/codigofuente.tex [38

]
*geometry* verbose mode - [ newgeometry ] result:
* driver: pdftex
* paper: a4paper
* layout: <same size as paper>
* layoutoffset:(h,v)=(0.0pt,0.0pt)
* modes: 
* h-part:(L,W,R)=(28.45274pt, 540.60239pt, 28.45274pt)
* v-part:(T,H,B)=(101.40665pt, 591.5302pt, 152.11pt)
* \paperwidth=597.50787pt
* \paperheight=845.04684pt
* \textwidth=540.60239pt
* \textheight=591.5302pt
* \oddsidemargin=-43.81725pt
* \evensidemargin=-43.81725pt
* \topmargin=-7.86334pt
* \headheight=12.0pt
* \headsep=25.0pt
* \topskip=12.0pt
* \footskip=30.0pt
* \marginparwidth=49.79231pt
* \marginparsep=10.0pt
* \columnsep=10.0pt
* \skip\footins=10.8pt plus 4.0pt minus 2.0pt
* \hoffset=0.0pt
* \voffset=0.0pt
* \mag=1000
* \@twocolumnfalse
* \@twosidefalse
* \@mparswitchfalse
* \@reversemarginfalse
* (1in=72.27pt=25.4mm, 1cm=28.453pt)

Package csquotes Info: Input encoding change on input line 14.

(/Users/miguel/Library/Application Support/MiKTeX/texmfs/install/tex/latex/base
/latin1.def
File: latin1.def 2021/02/14 v1.3d Input encoding file
) [39

]
Package csquotes Info: Input encoding change on input line 21.

(/Users/miguel/Library/Application Support/MiKTeX/texmfs/install/tex/latex/base
/latin1.def
File: latin1.def 2021/02/14 v1.3d Input encoding file
) [40] [41] [42]
(/Users/miguel/Library/Application Support/MiKTeX/texmfs/install/tex/latex/list
ings/lstlang1.sty
File: lstlang1.sty 2024/02/21 1.10 listings language file
)
(/Users/miguel/Library/Application Support/MiKTeX/texmfs/install/tex/latex/list
ings/lstmisc.sty
File: lstmisc.sty 2024/02/21 1.10 (Carsten Heinz)
)
Package csquotes Info: Input encoding change on input line 27.

(/Users/miguel/Library/Application Support/MiKTeX/texmfs/install/tex/latex/base
/latin1.def
File: latin1.def 2021/02/14 v1.3d Input encoding file
) [43] [44]
Package csquotes Info: Input encoding change on input line 33.

(/Users/miguel/Library/Application Support/MiKTeX/texmfs/install/tex/latex/base
/latin1.def
File: latin1.def 2021/02/14 v1.3d Input encoding file
) [45] [46] [47]
Package csquotes Info: Input encoding change on input line 39.

(/Users/miguel/Library/Application Support/MiKTeX/texmfs/install/tex/latex/base
/latin1.def
File: latin1.def 2021/02/14 v1.3d Input encoding file
) [48] [49] [50] [51]
Package csquotes Info: Input encoding change on input line 45.

(/Users/miguel/Library/Application Support/MiKTeX/texmfs/install/tex/latex/base
/latin1.def
File: latin1.def 2021/02/14 v1.3d Input encoding file
) [52] [53] [54] [55]) [56


] [57] (main.aux
LaTeX Info: Redefining \sptext on input line 13.
LaTeX Info: Redefining \. on input line 13.
LaTeX Info: Redefining \% on input line 13.
LaTeX Info: Redefining \sptext on input line 15.
LaTeX Info: Redefining \. on input line 15.
LaTeX Info: Redefining \% on input line 15.
)
 ***********
LaTeX2e <2023-11-01> patch level 1
L3 programming layer <2024-02-20>
 ***********
Package rerunfilecheck Info: File `main.out' has not changed.
(rerunfilecheck)             Checksum: B147A96FA43413227227044705E09065;13164.
Package logreq Info: Writing requests to 'main.run.xml'.
\openout1 = `main.run.xml'.

 ) 
Here is how much of TeX's memory you used:
 24002 strings out of 474457
 434319 string characters out of 5733818
 2315187 words of memory out of 5000000
 45003 multiletter control sequences out of 15000+600000
 565094 words of font info for 61 fonts, out of 8000000 for 9000
 1141 hyphenation exceptions out of 8191
 68i,17n,81p,1048b,2608s stack positions out of 10000i,1000n,20000p,200000b,200000s
 </Users/miguel/Library/Application Support/MiKTeX/texmfs/data/fonts/pk/ljfou
r/jknappen/ec/dpi600/tcrm1200.pk></Users/miguel/Library/Application Support/MiK
TeX/texmfs/install/fonts/type1/public/amsfonts/cm/cmbx12.pfb></Users/miguel/Lib
rary/Application Support/MiKTeX/texmfs/install/fonts/type1/public/amsfonts/cm/c
mcsc10.pfb></Users/miguel/Library/Application Support/MiKTeX/texmfs/install/fon
ts/type1/public/amsfonts/cm/cmmi12.pfb></Users/miguel/Library/Application Suppo
rt/MiKTeX/texmfs/install/fonts/type1/public/amsfonts/cm/cmr12.pfb></Users/migue
l/Library/Application Support/MiKTeX/texmfs/install/fonts/type1/public/amsfonts
/cm/cmsy10.pfb></Users/miguel/Library/Application Support/MiKTeX/texmfs/install
/fonts/type1/public/amsfonts/cm/cmti12.pfb></Users/miguel/Library/Application S
upport/MiKTeX/texmfs/install/fonts/type1/public/amsfonts/cm/cmtt10.pfb></Users/
miguel/Library/Application Support/MiKTeX/texmfs/install/fonts/type1/public/ams
fonts/cm/cmtt12.pfb>
Output written on main.pdf (60 pages, 1993703 bytes).
PDF statistics:
 1695 PDF objects out of 1728 (max. 8388607)
 849 named destinations out of 1000 (max. 500000)
 699 words of extra memory for PDF output out of 10000 (max. 10000000)

