2024.04.03 22:20:07 INFO  tracing is disabled for protocol LSP, to enable tracing of incoming and outgoing JSON messages create an empty file at c:\Users\miguel\Universidad\[02] Trabajo\[01] Universidad\[01] PFG\TFG_P2_REGEXP v2\.metals\lsp.trace.json
2024.04.03 22:20:10 INFO  logging to files C:\Users\miguel\Universidad\[02] Trabajo\[01] Universidad\[01] PFG\TFG_P2_REGEXP v2\.metals\metals.log
2024.04.03 22:20:10 INFO  Started: Metals version 1.2.2 in folders 'C:\Users\miguel\Universidad\[02] Trabajo\[01] Universidad\[01] PFG\TFG_P2_REGEXP v2' for client Visual Studio Code 1.87.2.
22:20:11.203 [pool-1-thread-1] INFO org.flywaydb.core.internal.license.VersionPrinter -- Flyway Community Edition 9.22.3 by Redgate
22:20:11.209 [pool-1-thread-1] INFO org.flywaydb.core.internal.license.VersionPrinter -- See release notes here: https://rd.gt/416ObMi
22:20:11.209 [pool-1-thread-1] INFO org.flywaydb.core.internal.license.VersionPrinter -- 
22:20:11.213 [pool-1-thread-1] DEBUG org.flywaydb.core.internal.scanner.classpath.ClassPathScanner -- Scanning for classpath resources at 'classpath:db/callback' ...
22:20:11.213 [pool-1-thread-1] DEBUG org.flywaydb.core.internal.scanner.classpath.ClassPathScanner -- Determining location urls for classpath:db/callback using ClassLoader sun.misc.Launcher$AppClassLoader@70dea4e ...
22:20:11.213 [pool-1-thread-1] DEBUG org.flywaydb.core.internal.scanner.classpath.ClassPathScanner -- Unable to resolve location classpath:db/callback.
22:20:11.213 [pool-1-thread-1] DEBUG org.flywaydb.core.internal.scanner.classpath.ClassPathScanner -- Scanning for classpath resources at 'classpath:db/migration' ...
22:20:11.213 [pool-1-thread-1] DEBUG org.flywaydb.core.internal.scanner.classpath.ClassPathScanner -- Determining location urls for classpath:db/migration using ClassLoader sun.misc.Launcher$AppClassLoader@70dea4e ...
22:20:11.213 [pool-1-thread-1] DEBUG org.flywaydb.core.internal.scanner.classpath.ClassPathScanner -- Scanning URL: jar:file:/C:/Users/miguel/AppData/Local/Programs/Microsoft%20VS%20Code/null/Coursier/cache/v1/https/repo1.maven.org/maven2/org/scalameta/metals_2.13/1.2.2/metals_2.13-1.2.2.jar!/db/migration
22:20:11.222 [pool-1-thread-1] DEBUG org.flywaydb.core.internal.scanner.classpath.ClassPathScanner -- Found resource: db/migration/
22:20:11.222 [pool-1-thread-1] DEBUG org.flywaydb.core.internal.scanner.classpath.ClassPathScanner -- Found resource: db/migration/V1__Create_tables.sql
22:20:11.222 [pool-1-thread-1] DEBUG org.flywaydb.core.internal.scanner.classpath.ClassPathScanner -- Found resource: db/migration/V2__Server_discovery.sql
22:20:11.222 [pool-1-thread-1] DEBUG org.flywaydb.core.internal.scanner.classpath.ClassPathScanner -- Found resource: db/migration/V3__Jar_symbols.sql
22:20:11.222 [pool-1-thread-1] DEBUG org.flywaydb.core.internal.scanner.classpath.ClassPathScanner -- Found resource: db/migration/V4__Fingerprints.sql
22:20:11.222 [pool-1-thread-1] DEBUG org.flywaydb.core.internal.scanner.classpath.ClassPathScanner -- Scanning for classes at classpath:db/migration
22:20:11.232 [pool-1-thread-1] DEBUG org.flywaydb.core.internal.scanner.Scanner -- Filtering out resource: db/migration/ (filename: )
22:20:11.232 [pool-1-thread-1] DEBUG org.flywaydb.core.internal.resource.ResourceNameValidator -- Validating V4__Fingerprints.sql
22:20:11.234 [pool-1-thread-1] DEBUG org.flywaydb.core.internal.resource.ResourceNameValidator -- Validating V1__Create_tables.sql
22:20:11.234 [pool-1-thread-1] DEBUG org.flywaydb.core.internal.resource.ResourceNameValidator -- Validating V3__Jar_symbols.sql
22:20:11.234 [pool-1-thread-1] DEBUG org.flywaydb.core.internal.resource.ResourceNameValidator -- Validating V2__Server_discovery.sql
22:20:11.335 [pool-1-thread-1] INFO org.flywaydb.core.FlywayExecutor -- Database: jdbc:h2:file:C:\Users\miguel\Universidad\[02] Trabajo\[01] Universidad\[01] PFG\TFG_P2_REGEXP v2\.metals\metals (H2 2.2)
22:20:11.335 [pool-1-thread-1] DEBUG org.flywaydb.core.FlywayExecutor -- Driver: H2 JDBC Driver 2.2.224 (2023-09-17)
22:20:11.335 [pool-1-thread-1] DEBUG org.flywaydb.core.FlywayExecutor -- DDL Transactions Supported: false
22:20:11.335 [pool-1-thread-1] DEBUG org.flywaydb.core.internal.schemahistory.SchemaHistoryFactory -- Schemas: 
22:20:11.339 [pool-1-thread-1] DEBUG org.flywaydb.core.internal.schemahistory.SchemaHistoryFactory -- Default schema: null
22:20:11.343 [pool-1-thread-1] WARN org.flywaydb.core.internal.database.base.Database -- Flyway upgrade recommended: H2 2.2.224 is newer than this version of Flyway and support has not been tested. The latest supported version of H2 is 2.2.220.
22:20:11.343 [pool-1-thread-1] DEBUG org.flywaydb.core.internal.callback.SqlScriptCallbackFactory -- Scanning for SQL callbacks ...
22:20:11.343 [pool-1-thread-1] DEBUG org.flywaydb.core.internal.scanner.Scanner -- Filtering out resource: db/migration/ (filename: )
22:20:11.353 [pool-1-thread-1] DEBUG org.flywaydb.core.internal.command.DbValidate -- Validating migrations ...
22:20:11.357 [pool-1-thread-1] DEBUG org.flywaydb.core.internal.scanner.Scanner -- Filtering out resource: db/migration/ (filename: )
22:20:11.368 [pool-1-thread-1] DEBUG org.flywaydb.core.internal.scanner.Scanner -- Filtering out resource: db/migration/V4__Fingerprints.sql (filename: V4__Fingerprints.sql)
22:20:11.368 [pool-1-thread-1] DEBUG org.flywaydb.core.internal.scanner.Scanner -- Filtering out resource: db/migration/V1__Create_tables.sql (filename: V1__Create_tables.sql)
22:20:11.368 [pool-1-thread-1] DEBUG org.flywaydb.core.internal.scanner.Scanner -- Filtering out resource: db/migration/V3__Jar_symbols.sql (filename: V3__Jar_symbols.sql)
22:20:11.368 [pool-1-thread-1] DEBUG org.flywaydb.core.internal.scanner.Scanner -- Filtering out resource: db/migration/ (filename: )
22:20:11.368 [pool-1-thread-1] DEBUG org.flywaydb.core.internal.scanner.Scanner -- Filtering out resource: db/migration/V2__Server_discovery.sql (filename: V2__Server_discovery.sql)
22:20:11.368 [pool-1-thread-1] DEBUG org.flywaydb.core.internal.scanner.Scanner -- Filtering out resource: db/migration/V4__Fingerprints.sql (filename: V4__Fingerprints.sql)
22:20:11.368 [pool-1-thread-1] DEBUG org.flywaydb.core.internal.scanner.Scanner -- Filtering out resource: db/migration/V1__Create_tables.sql (filename: V1__Create_tables.sql)
22:20:11.368 [pool-1-thread-1] DEBUG org.flywaydb.core.internal.scanner.Scanner -- Filtering out resource: db/migration/V3__Jar_symbols.sql (filename: V3__Jar_symbols.sql)
22:20:11.368 [pool-1-thread-1] DEBUG org.flywaydb.core.internal.scanner.Scanner -- Filtering out resource: db/migration/ (filename: )
22:20:11.368 [pool-1-thread-1] DEBUG org.flywaydb.core.internal.scanner.Scanner -- Filtering out resource: db/migration/V2__Server_discovery.sql (filename: V2__Server_discovery.sql)
22:20:11.370 [pool-1-thread-1] INFO org.flywaydb.core.internal.schemahistory.JdbcTableSchemaHistory -- Schema history table "PUBLIC"."flyway_schema_history" does not exist yet
22:20:11.374 [pool-1-thread-1] INFO org.flywaydb.core.internal.command.DbValidate -- Successfully validated 4 migrations (execution time 00:00.019s)
22:20:11.374 [pool-1-thread-1] DEBUG org.flywaydb.core.internal.command.DbSchemas -- Skipping creation of existing schema: "PUBLIC"
22:20:11.380 [pool-1-thread-1] INFO org.flywaydb.core.internal.schemahistory.JdbcTableSchemaHistory -- Creating Schema History table "PUBLIC"."flyway_schema_history" ...
22:20:11.384 [pool-1-thread-1] DEBUG org.flywaydb.core.internal.parser.Parser -- Parsing  ...
22:20:11.390 [pool-1-thread-1] DEBUG org.flywaydb.core.internal.sqlscript.ParserSqlScript -- Found statement at line 1: CREATE TABLE IF NOT EXISTS "PUBLIC"."flyway_schema_history" (
    "installed_rank" INT NOT NULL,
    "version" VARCHAR(50),
    "description" VARCHAR(200) NOT NULL,
    "type" VARCHAR(20) NOT NULL,
    "script" VARCHAR(1000) NOT NULL,
    "checksum" INT,
    "installed_by" VARCHAR(100) NOT NULL,
    "installed_on" TIMESTAMP NOT NULL DEFAULT CURRENT_TIMESTAMP,
    "execution_time" INT NOT NULL,
    "success" BOOLEAN NOT NULL,
    CONSTRAINT "flyway_schema_history_pk" PRIMARY KEY ("installed_rank")
) AS SELECT -1, NULL, '<< Flyway Schema History table created >>', 'TABLE', '', NULL, 'SA', CURRENT_TIMESTAMP, 0, TRUE
22:20:11.394 [pool-1-thread-1] DEBUG org.flywaydb.core.internal.sqlscript.ParserSqlScript -- Found statement at line 14: CREATE INDEX "PUBLIC"."flyway_schema_history_s_idx" ON "PUBLIC"."flyway_schema_history" ("success")
22:20:11.394 [pool-1-thread-1] DEBUG org.flywaydb.core.internal.sqlscript.DefaultSqlScriptExecutor -- Executing SQL: CREATE TABLE IF NOT EXISTS "PUBLIC"."flyway_schema_history" (
    "installed_rank" INT NOT NULL,
    "version" VARCHAR(50),
    "description" VARCHAR(200) NOT NULL,
    "type" VARCHAR(20) NOT NULL,
    "script" VARCHAR(1000) NOT NULL,
    "checksum" INT,
    "installed_by" VARCHAR(100) NOT NULL,
    "installed_on" TIMESTAMP NOT NULL DEFAULT CURRENT_TIMESTAMP,
    "execution_time" INT NOT NULL,
    "success" BOOLEAN NOT NULL,
    CONSTRAINT "flyway_schema_history_pk" PRIMARY KEY ("installed_rank")
) AS SELECT -1, NULL, '<< Flyway Schema History table created >>', 'TABLE', '', NULL, 'SA', CURRENT_TIMESTAMP, 0, TRUE
22:20:11.398 [pool-1-thread-1] DEBUG org.flywaydb.core.internal.sqlscript.DefaultSqlScriptExecutor -- 0 rows affected
22:20:11.398 [pool-1-thread-1] DEBUG org.flywaydb.core.internal.sqlscript.DefaultSqlScriptExecutor -- Executing SQL: CREATE INDEX "PUBLIC"."flyway_schema_history_s_idx" ON "PUBLIC"."flyway_schema_history" ("success")
22:20:11.401 [pool-1-thread-1] DEBUG org.flywaydb.core.internal.sqlscript.DefaultSqlScriptExecutor -- 0 rows affected
22:20:11.401 [pool-1-thread-1] DEBUG org.flywaydb.core.internal.schemahistory.JdbcTableSchemaHistory -- Created Schema History table "PUBLIC"."flyway_schema_history"
22:20:11.411 [pool-1-thread-1] INFO org.flywaydb.core.internal.command.DbMigrate -- Current version of schema "PUBLIC": << Empty Schema >>
22:20:11.411 [pool-1-thread-1] DEBUG org.flywaydb.core.internal.parser.Parser -- Parsing V1__Create_tables.sql ...
22:20:11.411 [pool-1-thread-1] DEBUG org.flywaydb.core.internal.sqlscript.ParserSqlScript -- Found statement at line 4: -- The relationship between library dependency sources under .metals/readonly/**
-- and build targets they belong to. Required to know what classpath to use
-- for compiling dependency sources.
create table dependency_source(
  text_document_uri varchar primary key,
  build_target_uri varchar not null
)
22:20:11.411 [pool-1-thread-1] DEBUG org.flywaydb.core.internal.sqlscript.ParserSqlScript -- Found statement at line 12: -- The relationship between library dependency sources under .metals/readonly/**
-- and worksheets they belong to. Required to know what classpath to use
-- for compiling dependency sources.
create table worksheet_dependency_source(
  text_document_uri varchar primary key,
  worksheet_uri varchar not null
)
22:20:11.411 [pool-1-thread-1] DEBUG org.flywaydb.core.internal.sqlscript.ParserSqlScript -- Found statement at line 19: -- The relationship between what library dependency sources under .metals/readonly/**
-- map to which build targets.
create table sbt_digest(
  md5 varchar,
  status tinyint not null,
  when_recorded timestamp
)
22:20:11.415 [pool-1-thread-1] DEBUG org.flywaydb.core.internal.sqlscript.ParserSqlScript -- Found statement at line 27: -- Which window/showMessage and window/showMessageRequest dialogues have been dismissed
-- by the user via "Don't show again" or closed by clicking on "x".
create table dismissed_notification(
  id int,
  when_dismissed timestamp,
  when_expires timestamp
)
22:20:11.415 [pool-1-thread-1] DEBUG org.flywaydb.core.internal.sqlscript.ParserSqlScript -- Found statement at line 34: -- The choice of build tool when multiple build tool files are found in a workspace
create table chosen_build_tool(
  build_tool varchar primary key
)
22:20:11.415 [pool-1-thread-1] DEBUG org.flywaydb.core.internal.command.DbMigrate -- Starting migration of schema "PUBLIC" to version "1 - Create tables" ...
22:20:11.419 [pool-1-thread-1] INFO org.flywaydb.core.internal.command.DbMigrate -- Migrating schema "PUBLIC" to version "1 - Create tables"
22:20:11.419 [pool-1-thread-1] DEBUG org.flywaydb.core.internal.sqlscript.DefaultSqlScriptExecutor -- Executing SQL: -- The relationship between library dependency sources under .metals/readonly/**
-- and build targets they belong to. Required to know what classpath to use
-- for compiling dependency sources.
create table dependency_source(
  text_document_uri varchar primary key,
  build_target_uri varchar not null
)
22:20:11.421 [pool-1-thread-1] DEBUG org.flywaydb.core.internal.sqlscript.DefaultSqlScriptExecutor -- 0 rows affected
22:20:11.421 [pool-1-thread-1] DEBUG org.flywaydb.core.internal.sqlscript.DefaultSqlScriptExecutor -- Executing SQL: -- The relationship between library dependency sources under .metals/readonly/**
-- and worksheets they belong to. Required to know what classpath to use
-- for compiling dependency sources.
create table worksheet_dependency_source(
  text_document_uri varchar primary key,
  worksheet_uri varchar not null
)
22:20:11.421 [pool-1-thread-1] DEBUG org.flywaydb.core.internal.sqlscript.DefaultSqlScriptExecutor -- 0 rows affected
22:20:11.421 [pool-1-thread-1] DEBUG org.flywaydb.core.internal.sqlscript.DefaultSqlScriptExecutor -- Executing SQL: -- The relationship between what library dependency sources under .metals/readonly/**
-- map to which build targets.
create table sbt_digest(
  md5 varchar,
  status tinyint not null,
  when_recorded timestamp
)
22:20:11.421 [pool-1-thread-1] DEBUG org.flywaydb.core.internal.sqlscript.DefaultSqlScriptExecutor -- 0 rows affected
22:20:11.421 [pool-1-thread-1] DEBUG org.flywaydb.core.internal.sqlscript.DefaultSqlScriptExecutor -- Executing SQL: -- Which window/showMessage and window/showMessageRequest dialogues have been dismissed
-- by the user via "Don't show again" or closed by clicking on "x".
create table dismissed_notification(
  id int,
  when_dismissed timestamp,
  when_expires timestamp
)
22:20:11.425 [pool-1-thread-1] DEBUG org.flywaydb.core.internal.sqlscript.DefaultSqlScriptExecutor -- 0 rows affected
22:20:11.425 [pool-1-thread-1] DEBUG org.flywaydb.core.internal.sqlscript.DefaultSqlScriptExecutor -- Executing SQL: -- The choice of build tool when multiple build tool files are found in a workspace
create table chosen_build_tool(
  build_tool varchar primary key
)
22:20:11.425 [pool-1-thread-1] DEBUG org.flywaydb.core.internal.sqlscript.DefaultSqlScriptExecutor -- 0 rows affected
22:20:11.425 [pool-1-thread-1] DEBUG org.flywaydb.core.internal.command.DbMigrate -- Successfully completed migration of schema "PUBLIC" to version "1 - Create tables"
22:20:11.425 [pool-1-thread-1] DEBUG org.flywaydb.core.internal.schemahistory.JdbcTableSchemaHistory -- Schema History table "PUBLIC"."flyway_schema_history" successfully updated to reflect changes
22:20:11.431 [pool-1-thread-1] DEBUG org.flywaydb.core.internal.parser.Parser -- Parsing V2__Server_discovery.sql ...
22:20:11.435 [pool-1-thread-1] DEBUG org.flywaydb.core.internal.sqlscript.ParserSqlScript -- Found statement at line 4: -- For each unique combination of installed build servers we select one server.
-- The md5 checksum is computed from the names of the installed build servers, and
-- the selected server is the server which the user chose for this workspace.
create table chosen_build_server(
  md5 varchar primary key,
  selected_server varchar,
  when_recorded timestamp
)
22:20:11.435 [pool-1-thread-1] DEBUG org.flywaydb.core.internal.command.DbMigrate -- Starting migration of schema "PUBLIC" to version "2 - Server discovery" ...
22:20:11.435 [pool-1-thread-1] INFO org.flywaydb.core.internal.command.DbMigrate -- Migrating schema "PUBLIC" to version "2 - Server discovery"
22:20:11.435 [pool-1-thread-1] DEBUG org.flywaydb.core.internal.sqlscript.DefaultSqlScriptExecutor -- Executing SQL: -- For each unique combination of installed build servers we select one server.
-- The md5 checksum is computed from the names of the installed build servers, and
-- the selected server is the server which the user chose for this workspace.
create table chosen_build_server(
  md5 varchar primary key,
  selected_server varchar,
  when_recorded timestamp
)
22:20:11.435 [pool-1-thread-1] DEBUG org.flywaydb.core.internal.sqlscript.DefaultSqlScriptExecutor -- 0 rows affected
22:20:11.435 [pool-1-thread-1] DEBUG org.flywaydb.core.internal.command.DbMigrate -- Successfully completed migration of schema "PUBLIC" to version "2 - Server discovery"
22:20:11.439 [pool-1-thread-1] DEBUG org.flywaydb.core.internal.schemahistory.JdbcTableSchemaHistory -- Schema History table "PUBLIC"."flyway_schema_history" successfully updated to reflect changes
22:20:11.441 [pool-1-thread-1] DEBUG org.flywaydb.core.internal.parser.Parser -- Parsing V3__Jar_symbols.sql ...
22:20:11.441 [pool-1-thread-1] DEBUG org.flywaydb.core.internal.sqlscript.ParserSqlScript -- Found statement at line 2: -- Indexed jars, the MD5 digest of path, modified time and size as key
create table indexed_jar(
  id int auto_increment unique,
  md5 varchar primary key
)
22:20:11.441 [pool-1-thread-1] DEBUG org.flywaydb.core.internal.sqlscript.ParserSqlScript -- Found statement at line 7: -- Top Level Symbols per jar, allow for multiple jars with same symbols and paths
create table toplevel_symbol(
  symbol varchar not null,
  path varchar not null,
  jar int,
  foreign key (jar) references indexed_jar (id) on delete cascade,
  primary key (jar, path, symbol)
)
22:20:11.441 [pool-1-thread-1] DEBUG org.flywaydb.core.internal.sqlscript.ParserSqlScript -- Found statement at line 15: -- Create index to speedup lookup of jar symbols
create index toplevel_symbol_jar on toplevel_symbol(jar)
22:20:11.441 [pool-1-thread-1] DEBUG org.flywaydb.core.internal.command.DbMigrate -- Starting migration of schema "PUBLIC" to version "3 - Jar symbols" ...
22:20:11.441 [pool-1-thread-1] INFO org.flywaydb.core.internal.command.DbMigrate -- Migrating schema "PUBLIC" to version "3 - Jar symbols"
22:20:11.441 [pool-1-thread-1] DEBUG org.flywaydb.core.internal.sqlscript.DefaultSqlScriptExecutor -- Executing SQL: -- Indexed jars, the MD5 digest of path, modified time and size as key
create table indexed_jar(
  id int auto_increment unique,
  md5 varchar primary key
)
22:20:11.449 [pool-1-thread-1] DEBUG org.flywaydb.core.internal.sqlscript.DefaultSqlScriptExecutor -- 0 rows affected
22:20:11.449 [pool-1-thread-1] DEBUG org.flywaydb.core.internal.sqlscript.DefaultSqlScriptExecutor -- Executing SQL: -- Top Level Symbols per jar, allow for multiple jars with same symbols and paths
create table toplevel_symbol(
  symbol varchar not null,
  path varchar not null,
  jar int,
  foreign key (jar) references indexed_jar (id) on delete cascade,
  primary key (jar, path, symbol)
)
22:20:11.453 [pool-1-thread-1] DEBUG org.flywaydb.core.internal.sqlscript.DefaultSqlScriptExecutor -- 0 rows affected
22:20:11.453 [pool-1-thread-1] DEBUG org.flywaydb.core.internal.sqlscript.DefaultSqlScriptExecutor -- Executing SQL: -- Create index to speedup lookup of jar symbols
create index toplevel_symbol_jar on toplevel_symbol(jar)
22:20:11.453 [pool-1-thread-1] DEBUG org.flywaydb.core.internal.sqlscript.DefaultSqlScriptExecutor -- 0 rows affected
22:20:11.453 [pool-1-thread-1] DEBUG org.flywaydb.core.internal.command.DbMigrate -- Successfully completed migration of schema "PUBLIC" to version "3 - Jar symbols"
22:20:11.457 [pool-1-thread-1] DEBUG org.flywaydb.core.internal.schemahistory.JdbcTableSchemaHistory -- Schema History table "PUBLIC"."flyway_schema_history" successfully updated to reflect changes
22:20:11.457 [pool-1-thread-1] DEBUG org.flywaydb.core.internal.parser.Parser -- Parsing V4__Fingerprints.sql ...
22:20:11.462 [pool-1-thread-1] DEBUG org.flywaydb.core.internal.sqlscript.ParserSqlScript -- Found statement at line 2: -- Fingerprints saved between invocations
create table fingerprints(
  path varchar not null,
  text varchar not null,
  md5 varchar not null,
  id int auto_increment unique
)
22:20:11.462 [pool-1-thread-1] DEBUG org.flywaydb.core.internal.command.DbMigrate -- Starting migration of schema "PUBLIC" to version "4 - Fingerprints" ...
22:20:11.462 [pool-1-thread-1] INFO org.flywaydb.core.internal.command.DbMigrate -- Migrating schema "PUBLIC" to version "4 - Fingerprints"
22:20:11.464 [pool-1-thread-1] DEBUG org.flywaydb.core.internal.sqlscript.DefaultSqlScriptExecutor -- Executing SQL: -- Fingerprints saved between invocations
create table fingerprints(
  path varchar not null,
  text varchar not null,
  md5 varchar not null,
  id int auto_increment unique
)
22:20:11.464 [pool-1-thread-1] DEBUG org.flywaydb.core.internal.sqlscript.DefaultSqlScriptExecutor -- 0 rows affected
22:20:11.464 [pool-1-thread-1] DEBUG org.flywaydb.core.internal.command.DbMigrate -- Successfully completed migration of schema "PUBLIC" to version "4 - Fingerprints"
22:20:11.464 [pool-1-thread-1] DEBUG org.flywaydb.core.internal.schemahistory.JdbcTableSchemaHistory -- Schema History table "PUBLIC"."flyway_schema_history" successfully updated to reflect changes
22:20:11.472 [pool-1-thread-1] INFO org.flywaydb.core.internal.command.DbMigrate -- Successfully applied 4 migrations to schema "PUBLIC", now at version v4 (execution time 00:00.024s)
22:20:11.484 [pool-1-thread-1] DEBUG org.flywaydb.core.FlywayExecutor -- Memory usage: 46 of 134M
2024.04.03 22:20:12 WARN  no build tool detected in workspace 'C:\Users\miguel\Universidad\[02] Trabajo\[01] Universidad\[01] PFG\TFG_P2_REGEXP v2'. The most common cause for this problem is that the editor was opened in the wrong working directory, for example if you use sbt then the workspace directory should contain build.sbt. 
2024.04.03 22:20:12 WARN  Build server is not auto-connectable.
2024.04.03 22:20:13 ERROR Can't run javac on C:\Users\miguel\Universidad\[02] Trabajo\[01] Universidad\[01] PFG\TFG_P2_REGEXP v2\src\piat\regExp\EstadisticasLog.java with options: [-cp
C:\Users\miguel\AppData\Local\Coursier\cache\v1\https\repo1.maven.org\maven2\com\sourcegraph\semanticdb-javac\0.9.9\semanticdb-javac-0.9.9.jar
-d
C:\Users\miguel\AppData\Local\Temp\metals-javac-semanticdb6076554370257502674\target
-Xplugin:semanticdb -sourceroot:C:\Users\miguel\Universidad\[02] Trabajo\[01] Universidad\[01] PFG\TFG_P2_REGEXP v2\src\piat\regExp -targetroot:C:\Users\miguel\AppData\Local\Temp\metals-javac-semanticdb6076554370257502674\target]
java.lang.NullPointerException
	at scala.meta.internal.pc.JavaMetalsGlobal$.makeFileObject(JavaMetalsGlobal.scala:59)
	at scala.meta.internal.metals.JavaInteractiveSemanticdb.textDocument(JavaInteractiveSemanticdb.scala:73)
	at scala.meta.internal.metals.InteractiveSemanticdbs.$anonfun$compile$2(InteractiveSemanticdbs.scala:140)
	at scala.Option.fold(Option.scala:263)
	at scala.meta.internal.metals.InteractiveSemanticdbs.compile(InteractiveSemanticdbs.scala:140)
	at scala.meta.internal.metals.InteractiveSemanticdbs.$anonfun$textDocument$5(InteractiveSemanticdbs.scala:101)
	at scala.util.Try$.apply(Try.scala:210)
	at scala.meta.internal.metals.InteractiveSemanticdbs.$anonfun$textDocument$3(InteractiveSemanticdbs.scala:101)
	at java.util.HashMap.compute(HashMap.java:1198)
	at java.util.Collections$SynchronizedMap.compute(Collections.java:2684)
	at scala.meta.internal.metals.InteractiveSemanticdbs.textDocument(InteractiveSemanticdbs.scala:91)
	at scala.meta.internal.metals.InteractiveSemanticdbs.textDocument(InteractiveSemanticdbs.scala:54)
	at scala.meta.internal.metals.MetalsLspService.$anonfun$didOpen$5(MetalsLspService.scala:1082)
	at scala.concurrent.impl.Promise$Transformation.run(Promise.scala:467)
	at java.util.concurrent.ThreadPoolExecutor.runWorker(ThreadPoolExecutor.java:1149)
	at java.util.concurrent.ThreadPoolExecutor$Worker.run(ThreadPoolExecutor.java:624)
	at java.lang.Thread.run(Thread.java:750)

2024.04.03 22:20:13 WARN  Running javac-semanticdb failed for file:///C:/Users/miguel/Universidad/%5B02%5D%20Trabajo/%5B01%5D%20Universidad/%5B01%5D%20PFG/TFG_P2_REGEXP%20v2/src/piat/regExp/EstadisticasLog.java. Output:

2024.04.03 22:20:13 ERROR Can't run javac on C:\Users\miguel\Universidad\[02] Trabajo\[01] Universidad\[01] PFG\TFG_P2_REGEXP v2\src\piat\javacc\Parser.java with options: [-cp
C:\Users\miguel\AppData\Local\Coursier\cache\v1\https\repo1.maven.org\maven2\com\sourcegraph\semanticdb-javac\0.9.9\semanticdb-javac-0.9.9.jar
-d
C:\Users\miguel\AppData\Local\Temp\metals-javac-semanticdb1362785368745750014\target
-Xplugin:semanticdb -sourceroot:C:\Users\miguel\Universidad\[02] Trabajo\[01] Universidad\[01] PFG\TFG_P2_REGEXP v2\src\piat\javacc -targetroot:C:\Users\miguel\AppData\Local\Temp\metals-javac-semanticdb1362785368745750014\target]
java.lang.NullPointerException
	at scala.meta.internal.pc.JavaMetalsGlobal$.makeFileObject(JavaMetalsGlobal.scala:59)
	at scala.meta.internal.metals.JavaInteractiveSemanticdb.textDocument(JavaInteractiveSemanticdb.scala:73)
	at scala.meta.internal.metals.InteractiveSemanticdbs.$anonfun$compile$2(InteractiveSemanticdbs.scala:140)
	at scala.Option.fold(Option.scala:263)
	at scala.meta.internal.metals.InteractiveSemanticdbs.compile(InteractiveSemanticdbs.scala:140)
	at scala.meta.internal.metals.InteractiveSemanticdbs.$anonfun$textDocument$5(InteractiveSemanticdbs.scala:101)
	at scala.util.Try$.apply(Try.scala:210)
	at scala.meta.internal.metals.InteractiveSemanticdbs.$anonfun$textDocument$3(InteractiveSemanticdbs.scala:101)
	at java.util.HashMap.compute(HashMap.java:1198)
	at java.util.Collections$SynchronizedMap.compute(Collections.java:2684)
	at scala.meta.internal.metals.InteractiveSemanticdbs.textDocument(InteractiveSemanticdbs.scala:91)
	at scala.meta.internal.metals.InteractiveSemanticdbs.textDocument(InteractiveSemanticdbs.scala:54)
	at scala.meta.internal.metals.MetalsLspService.$anonfun$didOpen$5(MetalsLspService.scala:1082)
	at scala.concurrent.impl.Promise$Transformation.run(Promise.scala:467)
	at java.util.concurrent.ThreadPoolExecutor.runWorker(ThreadPoolExecutor.java:1149)
	at java.util.concurrent.ThreadPoolExecutor$Worker.run(ThreadPoolExecutor.java:624)
	at java.lang.Thread.run(Thread.java:750)

2024.04.03 22:20:13 WARN  Running javac-semanticdb failed for file:///C:/Users/miguel/Universidad/%5B02%5D%20Trabajo/%5B01%5D%20Universidad/%5B01%5D%20PFG/TFG_P2_REGEXP%20v2/src/piat/javacc/Parser.java. Output:

2024.04.03 22:20:27 INFO  no build target found for C:\Users\miguel\Universidad\[02] Trabajo\[01] Universidad\[01] PFG\TFG_P2_REGEXP v2\src\piat\regExp\EstadisticasLog.java. Using presentation compiler with project's scala-library version: 3.3.1
abr 03, 2024 10:20:32 PM scala.meta.internal.pc.CompilerAccess handleError
GRAVE: A severe compiler error occurred, full details of the error can be found in the error report C:\Users\miguel\Universidad\[02] Trabajo\[01] Universidad\[01] PFG\TFG_P2_REGEXP v2\.metals\.reports\metals-full\2024-04-03\r_compiler-error_22-20-32-859.md
Exception in thread "pool-1-thread-29" java.lang.NoClassDefFoundError: com/sun/source/tree/Tree
	at scala.meta.internal.parsing.FoldingRangeProvider.$anonfun$getRangedForJava$2(FoldingRangeProvider.scala:48)
	at scala.Option$WithFilter.map(Option.scala:242)
	at scala.meta.internal.parsing.FoldingRangeProvider.getRangedForJava(FoldingRangeProvider.scala:45)
	at scala.meta.internal.metals.MetalsLspService.$anonfun$foldingRange$3(MetalsLspService.scala:1684)
	at scala.concurrent.Future$.$anonfun$apply$1(Future.scala:687)
	at scala.concurrent.impl.Promise$Transformation.run(Promise.scala:467)
	at java.util.concurrent.ThreadPoolExecutor.runWorker(ThreadPoolExecutor.java:1149)
	at java.util.concurrent.ThreadPoolExecutor$Worker.run(ThreadPoolExecutor.java:624)
	at java.lang.Thread.run(Thread.java:750)
Caused by: java.lang.ClassNotFoundException: com.sun.source.tree.Tree
	at java.net.URLClassLoader.findClass(URLClassLoader.java:387)
	at java.lang.ClassLoader.loadClass(ClassLoader.java:418)
	at sun.misc.Launcher$AppClassLoader.loadClass(Launcher.java:352)
	at java.lang.ClassLoader.loadClass(ClassLoader.java:351)
	... 9 more
abr 04, 2024 7:08:31 PM scala.meta.internal.pc.CompilerAccess handleError
GRAVE: A severe compiler error occurred, full details of the error can be found in the error report C:\Users\miguel\Universidad\[02] Trabajo\[01] Universidad\[01] PFG\TFG_P2_REGEXP v2\.metals\.reports\metals-full\2024-04-04\r_compiler-error_19-08-31-462.md
Exception in thread "pool-1-thread-37" java.lang.NoClassDefFoundError: com/sun/source/tree/Tree
	at scala.meta.internal.parsing.FoldingRangeProvider.$anonfun$getRangedForJava$2(FoldingRangeProvider.scala:48)
	at scala.Option$WithFilter.map(Option.scala:242)
	at scala.meta.internal.parsing.FoldingRangeProvider.getRangedForJava(FoldingRangeProvider.scala:45)
	at scala.meta.internal.metals.MetalsLspService.$anonfun$foldingRange$3(MetalsLspService.scala:1684)
	at scala.concurrent.Future$.$anonfun$apply$1(Future.scala:687)
	at scala.concurrent.impl.Promise$Transformation.run(Promise.scala:467)
	at java.util.concurrent.ThreadPoolExecutor.runWorker(ThreadPoolExecutor.java:1149)
	at java.util.concurrent.ThreadPoolExecutor$Worker.run(ThreadPoolExecutor.java:624)
	at java.lang.Thread.run(Thread.java:750)
Caused by: java.lang.ClassNotFoundException: com.sun.source.tree.Tree
	at java.net.URLClassLoader.findClass(URLClassLoader.java:387)
	at java.lang.ClassLoader.loadClass(ClassLoader.java:418)
	at sun.misc.Launcher$AppClassLoader.loadClass(Launcher.java:352)
	at java.lang.ClassLoader.loadClass(ClassLoader.java:351)
	... 9 more
abr 04, 2024 7:08:33 PM scala.meta.internal.pc.CompilerAccess handleError
GRAVE: A severe compiler error occurred, full details of the error can be found in the error report C:\Users\miguel\Universidad\[02] Trabajo\[01] Universidad\[01] PFG\TFG_P2_REGEXP v2\.metals\.reports\metals-full\2024-04-04\r_compiler-error_19-08-33-752.md
abr 04, 2024 7:08:35 PM scala.meta.internal.pc.CompilerAccess handleError
GRAVE: A severe compiler error occurred, full details of the error can be found in the error report C:\Users\miguel\Universidad\[02] Trabajo\[01] Universidad\[01] PFG\TFG_P2_REGEXP v2\.metals\.reports\metals-full\2024-04-04\r_compiler-error_19-08-35-867.md
2024.04.04 19:08:36 ERROR Can't run javac on C:\Users\miguel\Universidad\[02] Trabajo\[01] Universidad\[01] PFG\TFG_P2_REGEXP v2\src\piat\regExp\Trabajador.java with options: [-cp
C:\Users\miguel\AppData\Local\Coursier\cache\v1\https\repo1.maven.org\maven2\com\sourcegraph\semanticdb-javac\0.9.9\semanticdb-javac-0.9.9.jar
-d
C:\Users\miguel\AppData\Local\Temp\metals-javac-semanticdb8274938518825175417\target
-Xplugin:semanticdb -sourceroot:C:\Users\miguel\Universidad\[02] Trabajo\[01] Universidad\[01] PFG\TFG_P2_REGEXP v2\src\piat\regExp -targetroot:C:\Users\miguel\AppData\Local\Temp\metals-javac-semanticdb8274938518825175417\target]
java.lang.NullPointerException
	at scala.meta.internal.pc.JavaMetalsGlobal$.makeFileObject(JavaMetalsGlobal.scala:59)
	at scala.meta.internal.metals.JavaInteractiveSemanticdb.textDocument(JavaInteractiveSemanticdb.scala:73)
	at scala.meta.internal.metals.InteractiveSemanticdbs.$anonfun$compile$2(InteractiveSemanticdbs.scala:140)
	at scala.Option.fold(Option.scala:263)
	at scala.meta.internal.metals.InteractiveSemanticdbs.compile(InteractiveSemanticdbs.scala:140)
	at scala.meta.internal.metals.InteractiveSemanticdbs.$anonfun$textDocument$5(InteractiveSemanticdbs.scala:101)
	at scala.util.Try$.apply(Try.scala:210)
	at scala.meta.internal.metals.InteractiveSemanticdbs.$anonfun$textDocument$3(InteractiveSemanticdbs.scala:101)
	at java.util.HashMap.compute(HashMap.java:1198)
	at java.util.Collections$SynchronizedMap.compute(Collections.java:2684)
	at scala.meta.internal.metals.InteractiveSemanticdbs.textDocument(InteractiveSemanticdbs.scala:91)
	at scala.meta.internal.metals.InteractiveSemanticdbs.textDocument(InteractiveSemanticdbs.scala:54)
	at scala.meta.internal.metals.MetalsLspService.$anonfun$didOpen$5(MetalsLspService.scala:1082)
	at scala.concurrent.impl.Promise$Transformation.run(Promise.scala:467)
	at java.util.concurrent.ThreadPoolExecutor.runWorker(ThreadPoolExecutor.java:1149)
	at java.util.concurrent.ThreadPoolExecutor$Worker.run(ThreadPoolExecutor.java:624)
	at java.lang.Thread.run(Thread.java:750)

2024.04.04 19:08:36 WARN  Running javac-semanticdb failed for file:///C:/Users/miguel/Universidad/%5B02%5D%20Trabajo/%5B01%5D%20Universidad/%5B01%5D%20PFG/TFG_P2_REGEXP%20v2/src/piat/regExp/Trabajador.java. Output:

Exception in thread "pool-1-thread-40" java.lang.NoClassDefFoundError: com/sun/source/tree/Tree
	at scala.meta.internal.parsing.FoldingRangeProvider.$anonfun$getRangedForJava$2(FoldingRangeProvider.scala:48)
	at scala.Option$WithFilter.map(Option.scala:242)
	at scala.meta.internal.parsing.FoldingRangeProvider.getRangedForJava(FoldingRangeProvider.scala:45)
	at scala.meta.internal.metals.MetalsLspService.$anonfun$foldingRange$3(MetalsLspService.scala:1684)
	at scala.concurrent.Future$.$anonfun$apply$1(Future.scala:687)
	at scala.concurrent.impl.Promise$Transformation.run(Promise.scala:467)
	at java.util.concurrent.ThreadPoolExecutor.runWorker(ThreadPoolExecutor.java:1149)
	at java.util.concurrent.ThreadPoolExecutor$Worker.run(ThreadPoolExecutor.java:624)
	at java.lang.Thread.run(Thread.java:750)
Caused by: java.lang.ClassNotFoundException: com.sun.source.tree.Tree
	at java.net.URLClassLoader.findClass(URLClassLoader.java:387)
	at java.lang.ClassLoader.loadClass(ClassLoader.java:418)
	at sun.misc.Launcher$AppClassLoader.loadClass(Launcher.java:352)
	at java.lang.ClassLoader.loadClass(ClassLoader.java:351)
	... 9 more
abr 04, 2024 7:08:36 PM scala.meta.internal.pc.CompilerAccess handleError
GRAVE: A severe compiler error occurred, full details of the error can be found in the error report C:\Users\miguel\Universidad\[02] Trabajo\[01] Universidad\[01] PFG\TFG_P2_REGEXP v2\.metals\.reports\metals-full\2024-04-04\r_compiler-error_19-08-36-783.md
abr 04, 2024 7:08:38 PM scala.meta.internal.pc.CompilerAccess handleError
GRAVE: A severe compiler error occurred, full details of the error can be found in the error report C:\Users\miguel\Universidad\[02] Trabajo\[01] Universidad\[01] PFG\TFG_P2_REGEXP v2\.metals\.reports\metals-full\2024-04-04\r_compiler-error_19-08-38-004.md
abr 04, 2024 7:08:39 PM scala.meta.internal.pc.CompilerAccess handleError
GRAVE: A severe compiler error occurred, full details of the error can be found in the error report C:\Users\miguel\Universidad\[02] Trabajo\[01] Universidad\[01] PFG\TFG_P2_REGEXP v2\.metals\.reports\metals-full\2024-04-04\r_compiler-error_19-08-39-813.md
abr 04, 2024 7:08:40 PM scala.meta.internal.pc.CompilerAccess handleError
GRAVE: A severe compiler error occurred, full details of the error can be found in the error report C:\Users\miguel\Universidad\[02] Trabajo\[01] Universidad\[01] PFG\TFG_P2_REGEXP v2\.metals\.reports\metals-full\2024-04-04\r_compiler-error_19-08-40-844.md
abr 04, 2024 7:10:51 PM org.eclipse.lsp4j.jsonrpc.RemoteEndpoint handleCancellation
ADVERTENCIA: Unmatched cancel notification for request id 166
2024.04.04 19:26:41 INFO  tracing is disabled for protocol LSP, to enable tracing of incoming and outgoing JSON messages create an empty file at c:\Users\miguel\Universidad\[02] Trabajo\[01] Universidad\[01] PFG\TFG_P2_REGEXP v2\.metals\lsp.trace.json
2024.04.04 19:26:43 INFO  logging to files C:\Users\miguel\Universidad\[02] Trabajo\[01] Universidad\[01] PFG\TFG_P2_REGEXP v2\.metals\metals.log
2024.04.04 19:26:43 INFO  Started: Metals version 1.2.2 in folders 'C:\Users\miguel\Universidad\[02] Trabajo\[01] Universidad\[01] PFG\TFG_P2_REGEXP v2' for client Visual Studio Code 1.87.2.
19:26:44.353 [pool-1-thread-1] INFO org.flywaydb.core.internal.license.VersionPrinter -- Flyway Community Edition 9.22.3 by Redgate
19:26:44.361 [pool-1-thread-1] INFO org.flywaydb.core.internal.license.VersionPrinter -- See release notes here: https://rd.gt/416ObMi
19:26:44.361 [pool-1-thread-1] INFO org.flywaydb.core.internal.license.VersionPrinter -- 
19:26:44.369 [pool-1-thread-1] DEBUG org.flywaydb.core.internal.scanner.classpath.ClassPathScanner -- Scanning for classpath resources at 'classpath:db/callback' ...
19:26:44.369 [pool-1-thread-1] DEBUG org.flywaydb.core.internal.scanner.classpath.ClassPathScanner -- Determining location urls for classpath:db/callback using ClassLoader sun.misc.Launcher$AppClassLoader@70dea4e ...
19:26:44.369 [pool-1-thread-1] DEBUG org.flywaydb.core.internal.scanner.classpath.ClassPathScanner -- Unable to resolve location classpath:db/callback.
19:26:44.369 [pool-1-thread-1] DEBUG org.flywaydb.core.internal.scanner.classpath.ClassPathScanner -- Scanning for classpath resources at 'classpath:db/migration' ...
19:26:44.369 [pool-1-thread-1] DEBUG org.flywaydb.core.internal.scanner.classpath.ClassPathScanner -- Determining location urls for classpath:db/migration using ClassLoader sun.misc.Launcher$AppClassLoader@70dea4e ...
19:26:44.369 [pool-1-thread-1] DEBUG org.flywaydb.core.internal.scanner.classpath.ClassPathScanner -- Scanning URL: jar:file:/C:/Users/miguel/AppData/Local/Programs/Microsoft%20VS%20Code/null/Coursier/cache/v1/https/repo1.maven.org/maven2/org/scalameta/metals_2.13/1.2.2/metals_2.13-1.2.2.jar!/db/migration
19:26:44.369 [pool-1-thread-1] DEBUG org.flywaydb.core.internal.scanner.classpath.ClassPathScanner -- Found resource: db/migration/
19:26:44.369 [pool-1-thread-1] DEBUG org.flywaydb.core.internal.scanner.classpath.ClassPathScanner -- Found resource: db/migration/V1__Create_tables.sql
19:26:44.369 [pool-1-thread-1] DEBUG org.flywaydb.core.internal.scanner.classpath.ClassPathScanner -- Found resource: db/migration/V2__Server_discovery.sql
19:26:44.369 [pool-1-thread-1] DEBUG org.flywaydb.core.internal.scanner.classpath.ClassPathScanner -- Found resource: db/migration/V3__Jar_symbols.sql
19:26:44.369 [pool-1-thread-1] DEBUG org.flywaydb.core.internal.scanner.classpath.ClassPathScanner -- Found resource: db/migration/V4__Fingerprints.sql
19:26:44.369 [pool-1-thread-1] DEBUG org.flywaydb.core.internal.scanner.classpath.ClassPathScanner -- Scanning for classes at classpath:db/migration
19:26:44.369 [pool-1-thread-1] DEBUG org.flywaydb.core.internal.scanner.Scanner -- Filtering out resource: db/migration/ (filename: )
19:26:44.369 [pool-1-thread-1] DEBUG org.flywaydb.core.internal.resource.ResourceNameValidator -- Validating V4__Fingerprints.sql
19:26:44.377 [pool-1-thread-1] DEBUG org.flywaydb.core.internal.resource.ResourceNameValidator -- Validating V1__Create_tables.sql
19:26:44.377 [pool-1-thread-1] DEBUG org.flywaydb.core.internal.resource.ResourceNameValidator -- Validating V3__Jar_symbols.sql
19:26:44.377 [pool-1-thread-1] DEBUG org.flywaydb.core.internal.resource.ResourceNameValidator -- Validating V2__Server_discovery.sql
19:26:44.404 [pool-1-thread-1] INFO org.flywaydb.core.FlywayExecutor -- Database: jdbc:h2:file:C:\Users\miguel\Universidad\[02] Trabajo\[01] Universidad\[01] PFG\TFG_P2_REGEXP v2\.metals\metals (H2 2.2)
19:26:44.404 [pool-1-thread-1] DEBUG org.flywaydb.core.FlywayExecutor -- Driver: H2 JDBC Driver 2.2.224 (2023-09-17)
19:26:44.404 [pool-1-thread-1] DEBUG org.flywaydb.core.FlywayExecutor -- DDL Transactions Supported: false
19:26:44.404 [pool-1-thread-1] DEBUG org.flywaydb.core.internal.schemahistory.SchemaHistoryFactory -- Schemas: 
19:26:44.404 [pool-1-thread-1] DEBUG org.flywaydb.core.internal.schemahistory.SchemaHistoryFactory -- Default schema: null
19:26:44.411 [pool-1-thread-1] WARN org.flywaydb.core.internal.database.base.Database -- Flyway upgrade recommended: H2 2.2.224 is newer than this version of Flyway and support has not been tested. The latest supported version of H2 is 2.2.220.
19:26:44.411 [pool-1-thread-1] DEBUG org.flywaydb.core.internal.callback.SqlScriptCallbackFactory -- Scanning for SQL callbacks ...
19:26:44.411 [pool-1-thread-1] DEBUG org.flywaydb.core.internal.scanner.Scanner -- Filtering out resource: db/migration/ (filename: )
19:26:44.419 [pool-1-thread-1] DEBUG org.flywaydb.core.internal.command.DbValidate -- Validating migrations ...
19:26:44.419 [pool-1-thread-1] DEBUG org.flywaydb.core.internal.scanner.Scanner -- Filtering out resource: db/migration/ (filename: )
19:26:44.427 [pool-1-thread-1] DEBUG org.flywaydb.core.internal.scanner.Scanner -- Filtering out resource: db/migration/V4__Fingerprints.sql (filename: V4__Fingerprints.sql)
19:26:44.427 [pool-1-thread-1] DEBUG org.flywaydb.core.internal.scanner.Scanner -- Filtering out resource: db/migration/V1__Create_tables.sql (filename: V1__Create_tables.sql)
19:26:44.427 [pool-1-thread-1] DEBUG org.flywaydb.core.internal.scanner.Scanner -- Filtering out resource: db/migration/V3__Jar_symbols.sql (filename: V3__Jar_symbols.sql)
19:26:44.427 [pool-1-thread-1] DEBUG org.flywaydb.core.internal.scanner.Scanner -- Filtering out resource: db/migration/ (filename: )
19:26:44.427 [pool-1-thread-1] DEBUG org.flywaydb.core.internal.scanner.Scanner -- Filtering out resource: db/migration/V2__Server_discovery.sql (filename: V2__Server_discovery.sql)
19:26:44.427 [pool-1-thread-1] DEBUG org.flywaydb.core.internal.scanner.Scanner -- Filtering out resource: db/migration/V4__Fingerprints.sql (filename: V4__Fingerprints.sql)
19:26:44.427 [pool-1-thread-1] DEBUG org.flywaydb.core.internal.scanner.Scanner -- Filtering out resource: db/migration/V1__Create_tables.sql (filename: V1__Create_tables.sql)
19:26:44.427 [pool-1-thread-1] DEBUG org.flywaydb.core.internal.scanner.Scanner -- Filtering out resource: db/migration/V3__Jar_symbols.sql (filename: V3__Jar_symbols.sql)
19:26:44.427 [pool-1-thread-1] DEBUG org.flywaydb.core.internal.scanner.Scanner -- Filtering out resource: db/migration/ (filename: )
19:26:44.427 [pool-1-thread-1] DEBUG org.flywaydb.core.internal.scanner.Scanner -- Filtering out resource: db/migration/V2__Server_discovery.sql (filename: V2__Server_discovery.sql)
19:26:44.443 [pool-1-thread-1] INFO org.flywaydb.core.internal.command.DbValidate -- Successfully validated 4 migrations (execution time 00:00.024s)
19:26:44.443 [pool-1-thread-1] DEBUG org.flywaydb.core.internal.command.DbSchemas -- Skipping creation of existing schema: "PUBLIC"
19:26:44.459 [pool-1-thread-1] INFO org.flywaydb.core.internal.command.DbMigrate -- Current version of schema "PUBLIC": 4
19:26:44.468 [pool-1-thread-1] INFO org.flywaydb.core.internal.command.DbMigrate -- Schema "PUBLIC" is up to date. No migration necessary.
19:26:44.468 [pool-1-thread-1] DEBUG org.flywaydb.core.FlywayExecutor -- Memory usage: 22 of 136M
2024.04.04 19:26:44 WARN  no build tool detected in workspace 'C:\Users\miguel\Universidad\[02] Trabajo\[01] Universidad\[01] PFG\TFG_P2_REGEXP v2'. The most common cause for this problem is that the editor was opened in the wrong working directory, for example if you use sbt then the workspace directory should contain build.sbt. 
2024.04.04 19:26:44 WARN  Build server is not auto-connectable.
2024.04.04 19:26:44 ERROR Can't run javac on C:\Users\miguel\Universidad\[02] Trabajo\[01] Universidad\[01] PFG\TFG_P2_REGEXP v2\src\piat\javacc\Parser.java with options: [-cp
C:\Users\miguel\AppData\Local\Coursier\cache\v1\https\repo1.maven.org\maven2\com\sourcegraph\semanticdb-javac\0.9.9\semanticdb-javac-0.9.9.jar
-d
C:\Users\miguel\AppData\Local\Temp\metals-javac-semanticdb7917014199561945454\target
-Xplugin:semanticdb -sourceroot:C:\Users\miguel\Universidad\[02] Trabajo\[01] Universidad\[01] PFG\TFG_P2_REGEXP v2\src\piat\javacc -targetroot:C:\Users\miguel\AppData\Local\Temp\metals-javac-semanticdb7917014199561945454\target]
java.lang.NullPointerException
	at scala.meta.internal.pc.JavaMetalsGlobal$.makeFileObject(JavaMetalsGlobal.scala:59)
	at scala.meta.internal.metals.JavaInteractiveSemanticdb.textDocument(JavaInteractiveSemanticdb.scala:73)
	at scala.meta.internal.metals.InteractiveSemanticdbs.$anonfun$compile$2(InteractiveSemanticdbs.scala:140)
	at scala.Option.fold(Option.scala:263)
	at scala.meta.internal.metals.InteractiveSemanticdbs.compile(InteractiveSemanticdbs.scala:140)
	at scala.meta.internal.metals.InteractiveSemanticdbs.$anonfun$textDocument$5(InteractiveSemanticdbs.scala:101)
	at scala.util.Try$.apply(Try.scala:210)
	at scala.meta.internal.metals.InteractiveSemanticdbs.$anonfun$textDocument$3(InteractiveSemanticdbs.scala:101)
	at java.util.HashMap.compute(HashMap.java:1198)
	at java.util.Collections$SynchronizedMap.compute(Collections.java:2684)
	at scala.meta.internal.metals.InteractiveSemanticdbs.textDocument(InteractiveSemanticdbs.scala:91)
	at scala.meta.internal.metals.InteractiveSemanticdbs.textDocument(InteractiveSemanticdbs.scala:54)
	at scala.meta.internal.metals.MetalsLspService.$anonfun$didOpen$5(MetalsLspService.scala:1082)
	at scala.concurrent.impl.Promise$Transformation.run(Promise.scala:467)
	at java.util.concurrent.ThreadPoolExecutor.runWorker(ThreadPoolExecutor.java:1149)
	at java.util.concurrent.ThreadPoolExecutor$Worker.run(ThreadPoolExecutor.java:624)
	at java.lang.Thread.run(Thread.java:750)

2024.04.04 19:26:44 WARN  Running javac-semanticdb failed for file:///C:/Users/miguel/Universidad/%5B02%5D%20Trabajo/%5B01%5D%20Universidad/%5B01%5D%20PFG/TFG_P2_REGEXP%20v2/src/piat/javacc/Parser.java. Output:

2024.04.04 19:26:44 ERROR Can't run javac on C:\Users\miguel\Universidad\[02] Trabajo\[01] Universidad\[01] PFG\TFG_P2_REGEXP v2\src\piat\regExp\Trabajador.java with options: [-cp
C:\Users\miguel\AppData\Local\Coursier\cache\v1\https\repo1.maven.org\maven2\com\sourcegraph\semanticdb-javac\0.9.9\semanticdb-javac-0.9.9.jar
-d
C:\Users\miguel\AppData\Local\Temp\metals-javac-semanticdb828323613682047054\target
-Xplugin:semanticdb -sourceroot:C:\Users\miguel\Universidad\[02] Trabajo\[01] Universidad\[01] PFG\TFG_P2_REGEXP v2\src\piat\regExp -targetroot:C:\Users\miguel\AppData\Local\Temp\metals-javac-semanticdb828323613682047054\target]
java.lang.NullPointerException
	at scala.meta.internal.pc.JavaMetalsGlobal$.makeFileObject(JavaMetalsGlobal.scala:59)
	at scala.meta.internal.metals.JavaInteractiveSemanticdb.textDocument(JavaInteractiveSemanticdb.scala:73)
	at scala.meta.internal.metals.InteractiveSemanticdbs.$anonfun$compile$2(InteractiveSemanticdbs.scala:140)
	at scala.Option.fold(Option.scala:263)
	at scala.meta.internal.metals.InteractiveSemanticdbs.compile(InteractiveSemanticdbs.scala:140)
	at scala.meta.internal.metals.InteractiveSemanticdbs.$anonfun$textDocument$5(InteractiveSemanticdbs.scala:101)
	at scala.util.Try$.apply(Try.scala:210)
	at scala.meta.internal.metals.InteractiveSemanticdbs.$anonfun$textDocument$3(InteractiveSemanticdbs.scala:101)
	at java.util.HashMap.compute(HashMap.java:1198)
	at java.util.Collections$SynchronizedMap.compute(Collections.java:2684)
	at scala.meta.internal.metals.InteractiveSemanticdbs.textDocument(InteractiveSemanticdbs.scala:91)
	at scala.meta.internal.metals.InteractiveSemanticdbs.textDocument(InteractiveSemanticdbs.scala:54)
	at scala.meta.internal.metals.MetalsLspService.$anonfun$didOpen$5(MetalsLspService.scala:1082)
	at scala.concurrent.impl.Promise$Transformation.run(Promise.scala:467)
	at java.util.concurrent.ThreadPoolExecutor.runWorker(ThreadPoolExecutor.java:1149)
	at java.util.concurrent.ThreadPoolExecutor$Worker.run(ThreadPoolExecutor.java:624)
	at java.lang.Thread.run(Thread.java:750)

2024.04.04 19:26:44 WARN  Running javac-semanticdb failed for file:///C:/Users/miguel/Universidad/%5B02%5D%20Trabajo/%5B01%5D%20Universidad/%5B01%5D%20PFG/TFG_P2_REGEXP%20v2/src/piat/regExp/Trabajador.java. Output:

abr 04, 2024 7:29:57 PM org.eclipse.lsp4j.jsonrpc.RemoteEndpoint handleCancellation
ADVERTENCIA: Unmatched cancel notification for request id 196
Exception in thread "pool-1-thread-43" java.lang.NoClassDefFoundError: com/sun/source/tree/Tree
	at scala.meta.internal.parsing.FoldingRangeProvider.$anonfun$getRangedForJava$2(FoldingRangeProvider.scala:48)
	at scala.Option$WithFilter.map(Option.scala:242)
	at scala.meta.internal.parsing.FoldingRangeProvider.getRangedForJava(FoldingRangeProvider.scala:45)
	at scala.meta.internal.metals.MetalsLspService.$anonfun$foldingRange$3(MetalsLspService.scala:1684)
	at scala.concurrent.Future$.$anonfun$apply$1(Future.scala:687)
	at scala.concurrent.impl.Promise$Transformation.run(Promise.scala:467)
	at java.util.concurrent.ThreadPoolExecutor.runWorker(ThreadPoolExecutor.java:1149)
	at java.util.concurrent.ThreadPoolExecutor$Worker.run(ThreadPoolExecutor.java:624)
	at java.lang.Thread.run(Thread.java:750)
Caused by: java.lang.ClassNotFoundException: com.sun.source.tree.Tree
	at java.net.URLClassLoader.findClass(URLClassLoader.java:387)
	at java.lang.ClassLoader.loadClass(ClassLoader.java:418)
	at sun.misc.Launcher$AppClassLoader.loadClass(Launcher.java:352)
	at java.lang.ClassLoader.loadClass(ClassLoader.java:351)
	... 9 more
2024.04.04 19:34:32 ERROR Can't run javac on C:\Users\miguel\Universidad\[02] Trabajo\[01] Universidad\[01] PFG\TFG_P2_REGEXP v2\src\piat\javacc\Parser.java with options: [-cp
C:\Users\miguel\AppData\Local\Coursier\cache\v1\https\repo1.maven.org\maven2\com\sourcegraph\semanticdb-javac\0.9.9\semanticdb-javac-0.9.9.jar
-d
C:\Users\miguel\AppData\Local\Temp\metals-javac-semanticdb2987917677547320881\target
-Xplugin:semanticdb -sourceroot:C:\Users\miguel\Universidad\[02] Trabajo\[01] Universidad\[01] PFG\TFG_P2_REGEXP v2\src\piat\javacc -targetroot:C:\Users\miguel\AppData\Local\Temp\metals-javac-semanticdb2987917677547320881\target]
java.lang.NullPointerException
	at scala.meta.internal.pc.JavaMetalsGlobal$.makeFileObject(JavaMetalsGlobal.scala:59)
	at scala.meta.internal.metals.JavaInteractiveSemanticdb.textDocument(JavaInteractiveSemanticdb.scala:73)
	at scala.meta.internal.metals.InteractiveSemanticdbs.$anonfun$compile$2(InteractiveSemanticdbs.scala:140)
	at scala.Option.fold(Option.scala:263)
	at scala.meta.internal.metals.InteractiveSemanticdbs.compile(InteractiveSemanticdbs.scala:140)
	at scala.meta.internal.metals.InteractiveSemanticdbs.$anonfun$textDocument$5(InteractiveSemanticdbs.scala:101)
	at scala.util.Try$.apply(Try.scala:210)
	at scala.meta.internal.metals.InteractiveSemanticdbs.$anonfun$textDocument$3(InteractiveSemanticdbs.scala:101)
	at java.util.HashMap.compute(HashMap.java:1198)
	at java.util.Collections$SynchronizedMap.compute(Collections.java:2684)
	at scala.meta.internal.metals.InteractiveSemanticdbs.textDocument(InteractiveSemanticdbs.scala:91)
	at scala.meta.internal.metals.InteractiveSemanticdbs.textDocument(InteractiveSemanticdbs.scala:54)
	at scala.meta.internal.metals.AggregateSemanticdbs.loop$1(AggregateSemanticdbs.scala:30)
	at scala.meta.internal.metals.AggregateSemanticdbs.textDocument(AggregateSemanticdbs.scala:36)
	at scala.meta.internal.metals.CodeLensProvider.findLenses(CodeLensProvider.scala:22)
	at scala.meta.internal.metals.MetalsLspService.$anonfun$codeLens$3(MetalsLspService.scala:1668)
	at scala.meta.internal.metals.TimerProvider.timedThunk(TimerProvider.scala:25)
	at scala.meta.internal.metals.MetalsLspService.$anonfun$codeLens$2(MetalsLspService.scala:1666)
	at scala.concurrent.impl.Promise$Transformation.run(Promise.scala:467)
	at java.util.concurrent.ThreadPoolExecutor.runWorker(ThreadPoolExecutor.java:1149)
	at java.util.concurrent.ThreadPoolExecutor$Worker.run(ThreadPoolExecutor.java:624)
	at java.lang.Thread.run(Thread.java:750)

2024.04.04 19:34:32 WARN  Running javac-semanticdb failed for file:///C:/Users/miguel/Universidad/%5B02%5D%20Trabajo/%5B01%5D%20Universidad/%5B01%5D%20PFG/TFG_P2_REGEXP%20v2/src/piat/javacc/Parser.java. Output:

2024.04.04 19:34:33 INFO  no build target found for C:\Users\miguel\Universidad\[02] Trabajo\[01] Universidad\[01] PFG\TFG_P2_REGEXP v2\src\piat\javacc\Parser.java. Using presentation compiler with project's scala-library version: 3.3.1
abr 04, 2024 7:34:35 PM scala.meta.internal.pc.CompilerAccess handleError
GRAVE: A severe compiler error occurred, full details of the error can be found in the error report C:\Users\miguel\Universidad\[02] Trabajo\[01] Universidad\[01] PFG\TFG_P2_REGEXP v2\.metals\.reports\metals-full\2024-04-04\r_compiler-error_19-34-35-803.md
abr 04, 2024 7:36:32 PM org.eclipse.lsp4j.jsonrpc.RemoteEndpoint handleCancellation
ADVERTENCIA: Unmatched cancel notification for request id 462
abr 04, 2024 7:36:38 PM org.eclipse.lsp4j.jsonrpc.RemoteEndpoint handleCancellation
ADVERTENCIA: Unmatched cancel notification for request id 464
abr 04, 2024 7:38:36 PM org.eclipse.lsp4j.jsonrpc.RemoteEndpoint handleCancellation
ADVERTENCIA: Unmatched cancel notification for request id 569
abr 04, 2024 7:45:19 PM org.eclipse.lsp4j.jsonrpc.services.GenericEndpoint notify
INFORMACIN: Unsupported notification method: $/setTrace
2024.04.04 19:45:24 INFO  Shutting down server
2024.04.04 19:45:24 INFO  shutting down Metals
2024.04.04 19:45:24 INFO  Exiting server
2024.04.04 19:49:26 INFO  Shutting down server
2024.04.04 19:49:26 INFO  shutting down Metals
abr 04, 2024 7:49:27 PM org.eclipse.lsp4j.jsonrpc.RemoteEndpoint handleCancellation
ADVERTENCIA: Unmatched cancel notification for request id 557
abr 04, 2024 7:49:27 PM org.eclipse.lsp4j.jsonrpc.RemoteEndpoint handleCancellation
ADVERTENCIA: Unmatched cancel notification for request id 558
abr 04, 2024 7:49:27 PM org.eclipse.lsp4j.jsonrpc.RemoteEndpoint handleCancellation
ADVERTENCIA: Unmatched cancel notification for request id 559
abr 04, 2024 7:49:27 PM org.eclipse.lsp4j.jsonrpc.RemoteEndpoint handleCancellation
ADVERTENCIA: Unmatched cancel notification for request id 561
abr 04, 2024 7:49:27 PM org.eclipse.lsp4j.jsonrpc.RemoteEndpoint handleCancellation
ADVERTENCIA: Unmatched cancel notification for request id 562
abr 04, 2024 7:49:27 PM org.eclipse.lsp4j.jsonrpc.RemoteEndpoint handleCancellation
ADVERTENCIA: Unmatched cancel notification for request id 563
19:49:27.490 [pool-1-thread-149] DEBUG org.flywaydb.core.internal.scanner.classpath.ClassPathScanner -- Scanning for classpath resources at 'classpath:db/callback' ...
19:49:27.490 [pool-1-thread-149] DEBUG org.flywaydb.core.internal.scanner.classpath.ClassPathScanner -- Determining location urls for classpath:db/callback using ClassLoader sun.misc.Launcher$AppClassLoader@70dea4e ...
19:49:27.560 [pool-1-thread-149] DEBUG org.flywaydb.core.internal.scanner.classpath.ClassPathScanner -- Unable to resolve location classpath:db/callback.
19:49:27.563 [pool-1-thread-149] DEBUG org.flywaydb.core.internal.scanner.classpath.ClassPathScanner -- Scanning for classpath resources at 'classpath:db/migration' ...
19:49:27.563 [pool-1-thread-149] DEBUG org.flywaydb.core.internal.scanner.classpath.ClassPathScanner -- Determining location urls for classpath:db/migration using ClassLoader sun.misc.Launcher$AppClassLoader@70dea4e ...
19:49:27.563 [pool-1-thread-149] DEBUG org.flywaydb.core.internal.scanner.classpath.ClassPathScanner -- Scanning URL: jar:file:/C:/Users/miguel/AppData/Local/Programs/Microsoft%20VS%20Code/null/Coursier/cache/v1/https/repo1.maven.org/maven2/org/scalameta/metals_2.13/1.2.2/metals_2.13-1.2.2.jar!/db/migration
19:49:27.565 [pool-1-thread-149] DEBUG org.flywaydb.core.internal.scanner.classpath.ClassPathScanner -- Found resource: db/migration/
19:49:27.565 [pool-1-thread-149] DEBUG org.flywaydb.core.internal.scanner.classpath.ClassPathScanner -- Found resource: db/migration/V1__Create_tables.sql
19:49:27.565 [pool-1-thread-149] DEBUG org.flywaydb.core.internal.scanner.classpath.ClassPathScanner -- Found resource: db/migration/V2__Server_discovery.sql
19:49:27.565 [pool-1-thread-149] DEBUG org.flywaydb.core.internal.scanner.classpath.ClassPathScanner -- Found resource: db/migration/V3__Jar_symbols.sql
19:49:27.565 [pool-1-thread-149] DEBUG org.flywaydb.core.internal.scanner.classpath.ClassPathScanner -- Found resource: db/migration/V4__Fingerprints.sql
19:49:27.565 [pool-1-thread-149] DEBUG org.flywaydb.core.internal.scanner.classpath.ClassPathScanner -- Scanning for classes at classpath:db/migration
19:49:27.566 [pool-1-thread-149] DEBUG org.flywaydb.core.internal.scanner.Scanner -- Filtering out resource: db/migration/ (filename: )
19:49:27.566 [pool-1-thread-149] DEBUG org.flywaydb.core.internal.resource.ResourceNameValidator -- Validating V4__Fingerprints.sql
19:49:27.566 [pool-1-thread-149] DEBUG org.flywaydb.core.internal.resource.ResourceNameValidator -- Validating V1__Create_tables.sql
19:49:27.566 [pool-1-thread-149] DEBUG org.flywaydb.core.internal.resource.ResourceNameValidator -- Validating V3__Jar_symbols.sql
19:49:27.566 [pool-1-thread-149] DEBUG org.flywaydb.core.internal.resource.ResourceNameValidator -- Validating V2__Server_discovery.sql
19:49:27.619 [pool-1-thread-149] INFO org.flywaydb.core.FlywayExecutor -- Database: jdbc:h2:file:C:\Users\miguel\Universidad\[02] Trabajo\[01] Universidad\[01] PFG\TFG_P2_REGEXP v2\.metals\metals (H2 2.2)
19:49:27.620 [pool-1-thread-149] DEBUG org.flywaydb.core.FlywayExecutor -- Driver: H2 JDBC Driver 2.2.224 (2023-09-17)
19:49:27.620 [pool-1-thread-149] DEBUG org.flywaydb.core.FlywayExecutor -- DDL Transactions Supported: false
19:49:27.620 [pool-1-thread-149] DEBUG org.flywaydb.core.internal.schemahistory.SchemaHistoryFactory -- Schemas: 
19:49:27.620 [pool-1-thread-149] DEBUG org.flywaydb.core.internal.schemahistory.SchemaHistoryFactory -- Default schema: null
19:49:27.621 [pool-1-thread-149] WARN org.flywaydb.core.internal.database.base.Database -- Flyway upgrade recommended: H2 2.2.224 is newer than this version of Flyway and support has not been tested. The latest supported version of H2 is 2.2.220.
19:49:27.621 [pool-1-thread-149] DEBUG org.flywaydb.core.internal.callback.SqlScriptCallbackFactory -- Scanning for SQL callbacks ...
19:49:27.621 [pool-1-thread-149] DEBUG org.flywaydb.core.internal.scanner.Scanner -- Filtering out resource: db/migration/ (filename: )
19:49:27.622 [pool-1-thread-149] DEBUG org.flywaydb.core.internal.command.DbValidate -- Validating migrations ...
19:49:27.622 [pool-1-thread-149] DEBUG org.flywaydb.core.internal.scanner.Scanner -- Filtering out resource: db/migration/ (filename: )
19:49:27.625 [pool-1-thread-149] DEBUG org.flywaydb.core.internal.scanner.Scanner -- Filtering out resource: db/migration/V4__Fingerprints.sql (filename: V4__Fingerprints.sql)
19:49:27.625 [pool-1-thread-149] DEBUG org.flywaydb.core.internal.scanner.Scanner -- Filtering out resource: db/migration/V1__Create_tables.sql (filename: V1__Create_tables.sql)
19:49:27.625 [pool-1-thread-149] DEBUG org.flywaydb.core.internal.scanner.Scanner -- Filtering out resource: db/migration/V3__Jar_symbols.sql (filename: V3__Jar_symbols.sql)
19:49:27.625 [pool-1-thread-149] DEBUG org.flywaydb.core.internal.scanner.Scanner -- Filtering out resource: db/migration/ (filename: )
19:49:27.625 [pool-1-thread-149] DEBUG org.flywaydb.core.internal.scanner.Scanner -- Filtering out resource: db/migration/V2__Server_discovery.sql (filename: V2__Server_discovery.sql)
19:49:27.625 [pool-1-thread-149] DEBUG org.flywaydb.core.internal.scanner.Scanner -- Filtering out resource: db/migration/V4__Fingerprints.sql (filename: V4__Fingerprints.sql)
19:49:27.625 [pool-1-thread-149] DEBUG org.flywaydb.core.internal.scanner.Scanner -- Filtering out resource: db/migration/V1__Create_tables.sql (filename: V1__Create_tables.sql)
19:49:27.625 [pool-1-thread-149] DEBUG org.flywaydb.core.internal.scanner.Scanner -- Filtering out resource: db/migration/V3__Jar_symbols.sql (filename: V3__Jar_symbols.sql)
19:49:27.625 [pool-1-thread-149] DEBUG org.flywaydb.core.internal.scanner.Scanner -- Filtering out resource: db/migration/ (filename: )
19:49:27.625 [pool-1-thread-149] DEBUG org.flywaydb.core.internal.scanner.Scanner -- Filtering out resource: db/migration/V2__Server_discovery.sql (filename: V2__Server_discovery.sql)
19:49:27.628 [pool-1-thread-149] INFO org.flywaydb.core.internal.command.DbValidate -- Successfully validated 4 migrations (execution time 00:00.006s)
19:49:27.628 [pool-1-thread-149] DEBUG org.flywaydb.core.internal.command.DbSchemas -- Skipping creation of existing schema: "PUBLIC"
19:49:27.630 [pool-1-thread-149] INFO org.flywaydb.core.internal.command.DbMigrate -- Current version of schema "PUBLIC": 4
19:49:27.630 [pool-1-thread-149] INFO org.flywaydb.core.internal.command.DbMigrate -- Schema "PUBLIC" is up to date. No migration necessary.
19:49:27.827 [pool-1-thread-149] DEBUG org.flywaydb.core.FlywayExecutor -- Memory usage: 69 of 356M
abr 04, 2024 7:49:27 PM org.eclipse.lsp4j.jsonrpc.RemoteEndpoint handleCancellation
ADVERTENCIA: Unmatched cancel notification for request id 565
abr 04, 2024 7:49:27 PM org.eclipse.lsp4j.jsonrpc.RemoteEndpoint handleCancellation
ADVERTENCIA: Unmatched cancel notification for request id 566
abr 04, 2024 7:49:27 PM org.eclipse.lsp4j.jsonrpc.RemoteEndpoint handleCancellation
ADVERTENCIA: Unmatched cancel notification for request id 567
abr 04, 2024 7:49:27 PM org.eclipse.lsp4j.jsonrpc.RemoteEndpoint handleCancellation
ADVERTENCIA: Unmatched cancel notification for request id 568
abr 04, 2024 7:49:27 PM org.eclipse.lsp4j.jsonrpc.RemoteEndpoint handleCancellation
ADVERTENCIA: Unmatched cancel notification for request id 569
abr 04, 2024 7:49:27 PM org.eclipse.lsp4j.jsonrpc.RemoteEndpoint handleCancellation
ADVERTENCIA: Unmatched cancel notification for request id 571
abr 04, 2024 7:49:27 PM org.eclipse.lsp4j.jsonrpc.RemoteEndpoint handleCancellation
ADVERTENCIA: Unmatched cancel notification for request id 572
abr 04, 2024 7:49:27 PM org.eclipse.lsp4j.jsonrpc.RemoteEndpoint handleCancellation
ADVERTENCIA: Unmatched cancel notification for request id 573
abr 04, 2024 7:49:27 PM org.eclipse.lsp4j.jsonrpc.RemoteEndpoint handleCancellation
ADVERTENCIA: Unmatched cancel notification for request id 575
abr 04, 2024 7:49:27 PM org.eclipse.lsp4j.jsonrpc.RemoteEndpoint handleCancellation
ADVERTENCIA: Unmatched cancel notification for request id 577
abr 04, 2024 7:49:27 PM org.eclipse.lsp4j.jsonrpc.RemoteEndpoint handleCancellation
ADVERTENCIA: Unmatched cancel notification for request id 578
abr 04, 2024 7:49:27 PM org.eclipse.lsp4j.jsonrpc.RemoteEndpoint handleCancellation
ADVERTENCIA: Unmatched cancel notification for request id 579
abr 04, 2024 7:49:27 PM org.eclipse.lsp4j.jsonrpc.RemoteEndpoint handleCancellation
ADVERTENCIA: Unmatched cancel notification for request id 580
abr 04, 2024 7:49:27 PM org.eclipse.lsp4j.jsonrpc.RemoteEndpoint handleCancellation
ADVERTENCIA: Unmatched cancel notification for request id 581
abr 04, 2024 7:49:27 PM org.eclipse.lsp4j.jsonrpc.RemoteEndpoint handleCancellation
ADVERTENCIA: Unmatched cancel notification for request id 582
abr 04, 2024 7:49:27 PM org.eclipse.lsp4j.jsonrpc.RemoteEndpoint handleCancellation
ADVERTENCIA: Unmatched cancel notification for request id 583
abr 04, 2024 7:49:27 PM org.eclipse.lsp4j.jsonrpc.RemoteEndpoint handleCancellation
ADVERTENCIA: Unmatched cancel notification for request id 585
abr 04, 2024 7:49:27 PM org.eclipse.lsp4j.jsonrpc.RemoteEndpoint handleCancellation
ADVERTENCIA: Unmatched cancel notification for request id 586
abr 04, 2024 7:49:27 PM org.eclipse.lsp4j.jsonrpc.RemoteEndpoint handleCancellation
ADVERTENCIA: Unmatched cancel notification for request id 587
abr 04, 2024 7:49:28 PM org.eclipse.lsp4j.jsonrpc.RemoteEndpoint handleCancellation
ADVERTENCIA: Unmatched cancel notification for request id 588
abr 04, 2024 7:49:28 PM org.eclipse.lsp4j.jsonrpc.RemoteEndpoint handleCancellation
ADVERTENCIA: Unmatched cancel notification for request id 590
abr 04, 2024 7:49:28 PM org.eclipse.lsp4j.jsonrpc.RemoteEndpoint handleCancellation
ADVERTENCIA: Unmatched cancel notification for request id 591
abr 04, 2024 7:49:28 PM org.eclipse.lsp4j.jsonrpc.RemoteEndpoint handleCancellation
ADVERTENCIA: Unmatched cancel notification for request id 592
Exception in thread "pool-1-thread-143" java.lang.NoClassDefFoundError: com/sun/source/tree/Tree
	at scala.meta.internal.parsing.FoldingRangeProvider.$anonfun$getRangedForJava$2(FoldingRangeProvider.scala:48)
	at scala.Option$WithFilter.map(Option.scala:242)
	at scala.meta.internal.parsing.FoldingRangeProvider.getRangedForJava(FoldingRangeProvider.scala:45)
	at scala.meta.internal.metals.MetalsLspService.$anonfun$foldingRange$3(MetalsLspService.scala:1684)
	at scala.concurrent.Future$.$anonfun$apply$1(Future.scala:687)
	at scala.concurrent.impl.Promise$Transformation.run(Promise.scala:467)
	at java.util.concurrent.ThreadPoolExecutor.runWorker(ThreadPoolExecutor.java:1149)
	at java.util.concurrent.ThreadPoolExecutor$Worker.run(ThreadPoolExecutor.java:624)
	at java.lang.Thread.run(Thread.java:750)
Caused by: java.lang.ClassNotFoundException: com.sun.source.tree.Tree
	at java.net.URLClassLoader.findClass(URLClassLoader.java:387)
	at java.lang.ClassLoader.loadClass(ClassLoader.java:418)
	at sun.misc.Launcher$AppClassLoader.loadClass(Launcher.java:352)
	at java.lang.ClassLoader.loadClass(ClassLoader.java:351)
	... 9 more
abr 04, 2024 7:49:28 PM org.eclipse.lsp4j.jsonrpc.RemoteEndpoint handleCancellation
ADVERTENCIA: Unmatched cancel notification for request id 593
abr 04, 2024 7:49:28 PM org.eclipse.lsp4j.jsonrpc.RemoteEndpoint handleCancellation
ADVERTENCIA: Unmatched cancel notification for request id 594
2024.04.04 19:49:28 ERROR Can't run javac on C:\Users\miguel\Universidad\[02] Trabajo\[01] Universidad\[01] PFG\TFG_P2_REGEXP v2\src\piat\regExp\EstadisticasLog.java with options: [-cp
C:\Users\miguel\AppData\Local\Coursier\cache\v1\https\repo1.maven.org\maven2\com\sourcegraph\semanticdb-javac\0.9.9\semanticdb-javac-0.9.9.jar
-d
C:\Users\miguel\AppData\Local\Temp\metals-javac-semanticdb1737328956938545452\target
-Xplugin:semanticdb -sourceroot:C:\Users\miguel\Universidad\[02] Trabajo\[01] Universidad\[01] PFG\TFG_P2_REGEXP v2\src\piat\regExp -targetroot:C:\Users\miguel\AppData\Local\Temp\metals-javac-semanticdb1737328956938545452\target]
java.lang.NullPointerException
	at scala.meta.internal.pc.JavaMetalsGlobal$.makeFileObject(JavaMetalsGlobal.scala:59)
	at scala.meta.internal.metals.JavaInteractiveSemanticdb.textDocument(JavaInteractiveSemanticdb.scala:73)
	at scala.meta.internal.metals.InteractiveSemanticdbs.$anonfun$compile$2(InteractiveSemanticdbs.scala:140)
	at scala.Option.fold(Option.scala:263)
	at scala.meta.internal.metals.InteractiveSemanticdbs.compile(InteractiveSemanticdbs.scala:140)
	at scala.meta.internal.metals.InteractiveSemanticdbs.$anonfun$textDocument$5(InteractiveSemanticdbs.scala:101)
	at scala.util.Try$.apply(Try.scala:210)
	at scala.meta.internal.metals.InteractiveSemanticdbs.$anonfun$textDocument$3(InteractiveSemanticdbs.scala:101)
	at java.util.HashMap.compute(HashMap.java:1198)
	at java.util.Collections$SynchronizedMap.compute(Collections.java:2684)
	at scala.meta.internal.metals.InteractiveSemanticdbs.textDocument(InteractiveSemanticdbs.scala:91)
	at scala.meta.internal.metals.InteractiveSemanticdbs.textDocument(InteractiveSemanticdbs.scala:54)
	at scala.meta.internal.metals.AggregateSemanticdbs.loop$1(AggregateSemanticdbs.scala:30)
	at scala.meta.internal.metals.AggregateSemanticdbs.textDocument(AggregateSemanticdbs.scala:36)
	at scala.meta.internal.metals.CodeLensProvider.findLenses(CodeLensProvider.scala:22)
	at scala.meta.internal.metals.MetalsLspService.$anonfun$codeLens$3(MetalsLspService.scala:1668)
	at scala.meta.internal.metals.TimerProvider.timedThunk(TimerProvider.scala:25)
	at scala.meta.internal.metals.MetalsLspService.$anonfun$codeLens$2(MetalsLspService.scala:1666)
	at scala.concurrent.impl.Promise$Transformation.run(Promise.scala:467)
	at java.util.concurrent.ThreadPoolExecutor.runWorker(ThreadPoolExecutor.java:1149)
	at java.util.concurrent.ThreadPoolExecutor$Worker.run(ThreadPoolExecutor.java:624)
	at java.lang.Thread.run(Thread.java:750)

2024.04.04 19:49:28 WARN  Running javac-semanticdb failed for file:///C:/Users/miguel/Universidad/%5B02%5D%20Trabajo/%5B01%5D%20Universidad/%5B01%5D%20PFG/TFG_P2_REGEXP%20v2/src/piat/regExp/EstadisticasLog.java. Output:

2024.04.04 19:49:28 INFO  no build target found for C:\Users\miguel\Universidad\[02] Trabajo\[01] Universidad\[01] PFG\TFG_P2_REGEXP v2\src\piat\regExp\EstadisticasLog.java. Using presentation compiler with project's scala-library version: 3.3.1
abr 04, 2024 7:49:28 PM org.eclipse.lsp4j.jsonrpc.RemoteEndpoint handleCancellation
ADVERTENCIA: Unmatched cancel notification for request id 601
Exception in thread "pool-1-thread-146" abr 04, 2024 7:49:29 PM org.eclipse.lsp4j.jsonrpc.RemoteEndpoint handleCancellation
ADVERTENCIA: Unmatched cancel notification for request id 609
java.lang.NoClassDefFoundError: com/sun/source/tree/Tree
	at scala.meta.internal.parsing.FoldingRangeProvider.$anonfun$getRangedForJava$2(FoldingRangeProvider.scala:48)
	at scala.Option$WithFilter.map(Option.scala:242)
	at scala.meta.internal.parsing.FoldingRangeProvider.getRangedForJava(FoldingRangeProvider.scala:45)
	at scala.meta.internal.metals.MetalsLspService.$anonfun$foldingRange$3(MetalsLspService.scala:1684)
	at scala.concurrent.Future$.$anonfun$apply$1(Future.scala:687)
	at scala.concurrent.impl.Promise$Transformation.run(Promise.scala:467)
	at java.util.concurrent.ThreadPoolExecutor.runWorker(ThreadPoolExecutor.java:1149)
	at java.util.concurrent.ThreadPoolExecutor$Worker.run(ThreadPoolExecutor.java:624)
	at java.lang.Thread.run(Thread.java:750)
Caused by: java.lang.ClassNotFoundException: com.sun.source.tree.Tree
	at java.net.URLClassLoader.findClass(URLClassLoader.java:387)
	at java.lang.ClassLoader.loadClass(ClassLoader.java:418)
	at sun.misc.Launcher$AppClassLoader.loadClass(Launcher.java:352)
	at java.lang.ClassLoader.loadClass(ClassLoader.java:351)
	... 9 more
abr 04, 2024 7:49:29 PM org.eclipse.lsp4j.jsonrpc.RemoteEndpoint handleCancellation
ADVERTENCIA: Unmatched cancel notification for request id 610
Exception in thread "pool-1-thread-138" java.lang.NoClassDefFoundError: com/sun/source/tree/Tree
	at scala.meta.internal.parsing.FoldingRangeProvider.$anonfun$getRangedForJava$2(FoldingRangeProvider.scala:48)
	at scala.Option$WithFilter.map(Option.scala:242)
	at scala.meta.internal.parsing.FoldingRangeProvider.getRangedForJava(FoldingRangeProvider.scala:45)
	at scala.meta.internal.metals.MetalsLspService.$anonfun$foldingRange$3(MetalsLspService.scala:1684)
	at scala.concurrent.Future$.$anonfun$apply$1(Future.scala:687)
	at scala.concurrent.impl.Promise$Transformation.run(Promise.scala:467)
	at java.util.concurrent.ThreadPoolExecutor.runWorker(ThreadPoolExecutor.java:1149)
	at java.util.concurrent.ThreadPoolExecutor$Worker.run(ThreadPoolExecutor.java:624)
	at java.lang.Thread.run(Thread.java:750)
Caused by: java.lang.ClassNotFoundException: com.sun.source.tree.Tree
	at java.net.URLClassLoader.findClass(URLClassLoader.java:387)
	at java.lang.ClassLoader.loadClass(ClassLoader.java:418)
	at sun.misc.Launcher$AppClassLoader.loadClass(Launcher.java:352)
	at java.lang.ClassLoader.loadClass(ClassLoader.java:351)
	... 9 more
abr 04, 2024 7:49:29 PM org.eclipse.lsp4j.jsonrpc.RemoteEndpoint handleCancellation
ADVERTENCIA: Unmatched cancel notification for request id 613
abr 04, 2024 7:49:29 PM org.eclipse.lsp4j.jsonrpc.RemoteEndpoint handleCancellation
ADVERTENCIA: Unmatched cancel notification for request id 614
abr 04, 2024 7:49:29 PM org.eclipse.lsp4j.jsonrpc.RemoteEndpoint handleCancellation
ADVERTENCIA: Unmatched cancel notification for request id 615
abr 04, 2024 7:49:29 PM org.eclipse.lsp4j.jsonrpc.RemoteEndpoint handleCancellation
ADVERTENCIA: Unmatched cancel notification for request id 616
abr 04, 2024 7:49:29 PM org.eclipse.lsp4j.jsonrpc.RemoteEndpoint handleCancellation
ADVERTENCIA: Unmatched cancel notification for request id 621
Exception in thread "pool-1-thread-135" java.lang.NoClassDefFoundError: com/sun/source/tree/Tree
	at scala.meta.internal.parsing.FoldingRangeProvider.$anonfun$getRangedForJava$2(FoldingRangeProvider.scala:48)
	at scala.Option$WithFilter.map(Option.scala:242)
	at scala.meta.internal.parsing.FoldingRangeProvider.getRangedForJava(FoldingRangeProvider.scala:45)
	at scala.meta.internal.metals.MetalsLspService.$anonfun$foldingRange$3(MetalsLspService.scala:1684)
	at scala.concurrent.Future$.$anonfun$apply$1(Future.scala:687)
	at scala.concurrent.impl.Promise$Transformation.run(Promise.scala:467)
	at java.util.concurrent.ThreadPoolExecutor.runWorker(ThreadPoolExecutor.java:1149)
	at java.util.concurrent.ThreadPoolExecutor$Worker.run(ThreadPoolExecutor.java:624)
	at java.lang.Thread.run(Thread.java:750)
Caused by: java.lang.ClassNotFoundException: com.sun.source.tree.Tree
	at java.net.URLClassLoader.findClass(URLClassLoader.java:387)
	at java.lang.ClassLoader.loadClass(ClassLoader.java:418)
	at sun.misc.Launcher$AppClassLoader.loadClass(Launcher.java:352)
	at java.lang.ClassLoader.loadClass(ClassLoader.java:351)
	... 9 more
abr 04, 2024 7:49:29 PM org.eclipse.lsp4j.jsonrpc.RemoteEndpoint handleCancellation
ADVERTENCIA: Unmatched cancel notification for request id 626
abr 04, 2024 7:49:29 PM org.eclipse.lsp4j.jsonrpc.RemoteEndpoint handleCancellation
ADVERTENCIA: Unmatched cancel notification for request id 628
abr 04, 2024 7:49:29 PM org.eclipse.lsp4j.jsonrpc.RemoteEndpoint handleCancellation
ADVERTENCIA: Unmatched cancel notification for request id 629
abr 04, 2024 7:49:29 PM org.eclipse.lsp4j.jsonrpc.RemoteEndpoint handleCancellation
ADVERTENCIA: Unmatched cancel notification for request id 630
abr 04, 2024 7:49:29 PM org.eclipse.lsp4j.jsonrpc.RemoteEndpoint handleCancellation
ADVERTENCIA: Unmatched cancel notification for request id 631
abr 04, 2024 7:49:29 PM org.eclipse.lsp4j.jsonrpc.RemoteEndpoint handleCancellation
ADVERTENCIA: Unmatched cancel notification for request id 632
abr 04, 2024 7:49:29 PM org.eclipse.lsp4j.jsonrpc.RemoteEndpoint handleCancellation
ADVERTENCIA: Unmatched cancel notification for request id 633
abr 04, 2024 7:49:29 PM org.eclipse.lsp4j.jsonrpc.RemoteEndpoint handleCancellation
ADVERTENCIA: Unmatched cancel notification for request id 634
abr 04, 2024 7:49:29 PM org.eclipse.lsp4j.jsonrpc.RemoteEndpoint handleCancellation
ADVERTENCIA: Unmatched cancel notification for request id 641
2024.04.04 19:49:29 INFO  Exiting server
